<?xml version="1.0" encoding="UTF-8"?>
<!-- Generated by org.testng.reporters.JUnitXMLReporter -->
<testsuite ignored="1" hostname="DESKTOP-KVJDOUS" failures="0" tests="3" name="TestA" time="2.533" errors="0" timestamp="2021-11-04T09:46:14 CDT">
  <testcase classname="Parameters.ParameterByITestContextInDataprovider" name="@BeforeTest setup" time="2.446">
    <failure type="org.openqa.selenium.SessionNotCreatedException" message="session not created: This version of ChromeDriver only supports Chrome version 90
Current browser version is 95.0.4638.69 with binary path C:\Program Files (x86)\Google\Chrome\Application\chrome.exe
Build info: version: &amp;apos;3.141.59&amp;apos;, revision: &amp;apos;e82be7d358&amp;apos;, time: &amp;apos;2018-11-14T08:25:48&amp;apos;
System info: host: &amp;apos;DESKTOP-KVJDOUS&amp;apos;, ip: &amp;apos;192.168.0.8&amp;apos;, os.name: &amp;apos;Windows 10&amp;apos;, os.arch: &amp;apos;amd64&amp;apos;, os.version: &amp;apos;10.0&amp;apos;, java.version: &amp;apos;15.0.1&amp;apos;
Driver info: driver.version: ChromeDriver
remote stacktrace: Backtrace:
	Ordinal0 [0x0090C013+2474003]
	Ordinal0 [0x008A29C1+2042305]
	Ordinal0 [0x007B2F68+1060712]
	Ordinal0 [0x007D188E+1185934]
	Ordinal0 [0x007CD600+1168896]
	Ordinal0 [0x007CAA83+1157763]
	Ordinal0 [0x007FA2A2+1352354]
	Ordinal0 [0x007F8FAA+1347498]
	Ordinal0 [0x007F66DB+1337051]
	Ordinal0 [0x007D3427+1192999]
	Ordinal0 [0x007D42EE+1196782]
	Ordinal0 [0x007D4279+1196665]
	GetHandleVerifier [0x00A996FC+1590332]
	GetHandleVerifier [0x00B48614+2306900]
	GetHandleVerifier [0x00999E93+543699]
	GetHandleVerifier [0x009992CE+540686]
	Ordinal0 [0x008A86BA+2066106]
	Ordinal0 [0x008AD1C8+2085320]
	Ordinal0 [0x008AD308+2085640]
	Ordinal0 [0x008B67F3+2123763]
	BaseThreadInitThunk [0x7505FA29+25]
	RtlGetAppContainerNamedObjectPath [0x77167A9E+286]
	RtlGetAppContainerNamedObjectPath [0x77167A6E+238]
">
      <![CDATA[org.openqa.selenium.SessionNotCreatedException: session not created: This version of ChromeDriver only supports Chrome version 90
Current browser version is 95.0.4638.69 with binary path C:\Program Files (x86)\Google\Chrome\Application\chrome.exe
Build info: version: '3.141.59', revision: 'e82be7d358', time: '2018-11-14T08:25:48'
System info: host: 'DESKTOP-KVJDOUS', ip: '192.168.0.8', os.name: 'Windows 10', os.arch: 'amd64', os.version: '10.0', java.version: '15.0.1'
Driver info: driver.version: ChromeDriver
remote stacktrace: Backtrace:
Ordinal0 [0x0090C013+2474003]
Ordinal0 [0x008A29C1+2042305]
Ordinal0 [0x007B2F68+1060712]
Ordinal0 [0x007D188E+1185934]
Ordinal0 [0x007CD600+1168896]
Ordinal0 [0x007CAA83+1157763]
Ordinal0 [0x007FA2A2+1352354]
Ordinal0 [0x007F8FAA+1347498]
Ordinal0 [0x007F66DB+1337051]
Ordinal0 [0x007D3427+1192999]
Ordinal0 [0x007D42EE+1196782]
Ordinal0 [0x007D4279+1196665]
GetHandleVerifier [0x00A996FC+1590332]
GetHandleVerifier [0x00B48614+2306900]
GetHandleVerifier [0x00999E93+543699]
GetHandleVerifier [0x009992CE+540686]
Ordinal0 [0x008A86BA+2066106]
Ordinal0 [0x008AD1C8+2085320]
Ordinal0 [0x008AD308+2085640]
Ordinal0 [0x008B67F3+2123763]
BaseThreadInitThunk [0x7505FA29+25]
RtlGetAppContainerNamedObjectPath [0x77167A9E+286]
RtlGetAppContainerNamedObjectPath [0x77167A6E+238]

at org.openqa.selenium.remote.W3CHandshakeResponse.lambda$errorHandler$0(W3CHandshakeResponse.java:62)
at org.openqa.selenium.remote.HandshakeResponse.lambda$getResponseFunction$0(HandshakeResponse.java:30)
at org.openqa.selenium.remote.ProtocolHandshake.lambda$createSession$0(ProtocolHandshake.java:126)
at java.base/java.util.stream.ReferencePipeline$3$1.accept(ReferencePipeline.java:195)
at java.base/java.util.Spliterators$ArraySpliterator.tryAdvance(Spliterators.java:958)
at java.base/java.util.stream.ReferencePipeline.forEachWithCancel(ReferencePipeline.java:127)
at java.base/java.util.stream.AbstractPipeline.copyIntoWithCancel(AbstractPipeline.java:502)
at java.base/java.util.stream.AbstractPipeline.copyInto(AbstractPipeline.java:488)
at java.base/java.util.stream.AbstractPipeline.wrapAndCopyInto(AbstractPipeline.java:474)
at java.base/java.util.stream.FindOps$FindOp.evaluateSequential(FindOps.java:150)
at java.base/java.util.stream.AbstractPipeline.evaluate(AbstractPipeline.java:234)
at java.base/java.util.stream.ReferencePipeline.findFirst(ReferencePipeline.java:543)
at org.openqa.selenium.remote.ProtocolHandshake.createSession(ProtocolHandshake.java:128)
at org.openqa.selenium.remote.ProtocolHandshake.createSession(ProtocolHandshake.java:74)
at org.openqa.selenium.remote.HttpCommandExecutor.execute(HttpCommandExecutor.java:136)
at org.openqa.selenium.remote.service.DriverCommandExecutor.execute(DriverCommandExecutor.java:83)
at org.openqa.selenium.remote.RemoteWebDriver.execute(RemoteWebDriver.java:552)
at org.openqa.selenium.remote.RemoteWebDriver.startSession(RemoteWebDriver.java:213)
at org.openqa.selenium.remote.RemoteWebDriver.<init>(RemoteWebDriver.java:131)
at org.openqa.selenium.chrome.ChromeDriver.<init>(ChromeDriver.java:181)
at org.openqa.selenium.chrome.ChromeDriver.<init>(ChromeDriver.java:168)
at org.openqa.selenium.chrome.ChromeDriver.<init>(ChromeDriver.java:123)
at Parameters.ParameterByITestContextInDataprovider.setup(ParameterByITestContextInDataprovider.java:23)
... Removed 29 stack frames]]>
    </failure>
  </testcase> <!-- @BeforeTest setup -->
  <testcase classname="Parameters.ParameterByITestContextInDataprovider" name="testMethodA" time="0.0">
    <skipped/>
  </testcase> <!-- testMethodA -->
  <testcase classname="Parameters.ParameterByITestContextInDataprovider" name="testMethodA" time="0.0">
    <skipped/>
  </testcase> <!-- testMethodA -->
  <testcase classname="Parameters.ParameterByITestContextInDataprovider" name="testMethodA" time="0.0">
    <skipped/>
  </testcase> <!-- testMethodA -->
  <testcase classname="Parameters.ParameterByITestContextInDataprovider" name="testMethodB" time="0.0">
    <ignored/>
  </testcase> <!-- testMethodB -->
</testsuite> <!-- TestA -->
