<!DOCTYPE html PUBLIC "-//W3C//DTD XHTML 1.1//EN" "https://www.w3.org/TR/xhtml11/DTD/xhtml11.dtd">
<html xmlns="https://www.w3.org/1999/xhtml">
<head>
<meta http-equiv="content-type" content="text/html; charset=UTF-8"/>
<title>TestNG Report</title>
<style type="text/css">table {margin-bottom:10px;border-collapse:collapse;empty-cells:show}th,td {border:1px solid #009;padding:.25em .5em}th {vertical-align:bottom}td {vertical-align:top}table a {font-weight:bold}.stripe td {background-color: #E6EBF9}.num {text-align:right}.passedodd td {background-color: #3F3}.passedeven td {background-color: #0A0}.skippedodd td {background-color: #DDD}.skippedeven td {background-color: #CCC}.failedodd td,.attn {background-color: #F33}.failedeven td,.stripe .attn {background-color: #D00}.stacktrace {white-space:pre;font-family:monospace}.totop {font-size:85%;text-align:center;border-bottom:2px solid #000}.invisible {display:none}</style>
</head>
<body>
<table>
<tr><th>Test</th><th># Passed</th><th># Skipped</th><th># Retried</th><th># Failed</th><th>Time (ms)</th><th>Included Groups</th><th>Excluded Groups</th></tr>
<tr><th colspan="8">Suite</th></tr>
<tr><td><a href="#t0">TestA</a></td><td class="num">0</td><td class="num attn">3</td><td class="num">0</td><td class="num">0</td><td class="num">2,533</td><td>A</td><td></td></tr>
<tr class="stripe"><td><a href="#t1">TestB</a></td><td class="num">0</td><td class="num attn">3</td><td class="num">0</td><td class="num">0</td><td class="num">1,464</td><td>B</td><td></td></tr>
<tr><th>Total</th><th class="num">0</th><th class="num attn">6</th><th class="num">0</th><th class="num">0</th><th class="num">3,997</th><th colspan="2"></th></tr>
</table>
<table id='summary'><thead><tr><th>Class</th><th>Method</th><th>Start</th><th>Time (ms)</th></tr></thead><tbody><tr><th colspan="4">Suite</th></tr></tbody><tbody id="t0"><tr><th colspan="4">TestA &#8212; failed (configuration methods)</th></tr><tr class="failedeven"><td rowspan="1">Parameters.ParameterByITestContextInDataprovider</td><td><a href="#m0">setup</a></td><td rowspan="1">1636037171727</td><td rowspan="1">2446</td></tr><tr><th colspan="4">TestA &#8212; skipped</th></tr><tr class="skippedeven"><td rowspan="3">Parameters.ParameterByITestContextInDataprovider</td><td><a href="#m1">testMethodA</a></td><td rowspan="3">1636037174225</td><td rowspan="3">0</td></tr><tr class="skippedeven"><td><a href="#m2">testMethodA</a></td></tr><tr class="skippedeven"><td><a href="#m3">testMethodA</a></td></tr></tbody>
<tbody id="t1"><tr><th colspan="4">TestB &#8212; failed (configuration methods)</th></tr><tr class="failedeven"><td rowspan="1">Parameters.ParameterByITestContextInDataprovider</td><td><a href="#m4">setup</a></td><td rowspan="1">1636037174375</td><td rowspan="1">1412</td></tr><tr><th colspan="4">TestB &#8212; skipped</th></tr><tr class="skippedeven"><td rowspan="3">Parameters.ParameterByITestContextInDataprovider</td><td><a href="#m5">testMethodB</a></td><td rowspan="3">1636037175820</td><td rowspan="3">0</td></tr><tr class="skippedeven"><td><a href="#m6">testMethodB</a></td></tr><tr class="skippedeven"><td><a href="#m7">testMethodB</a></td></tr></tbody>
</table>
<h2>TestA</h2><h3 id="m0">Parameters.ParameterByITestContextInDataprovider#setup</h3><table class="result"><tr><th>Exception</th></tr><tr><td><div class="stacktrace">org.openqa.selenium.SessionNotCreatedException: session not created: This version of ChromeDriver only supports Chrome version 90
Current browser version is 95.0.4638.69 with binary path C:\Program Files (x86)\Google\Chrome\Application\chrome.exe
Build info: version: &apos;3.141.59&apos;, revision: &apos;e82be7d358&apos;, time: &apos;2018-11-14T08:25:48&apos;
System info: host: &apos;DESKTOP-KVJDOUS&apos;, ip: &apos;192.168.0.8&apos;, os.name: &apos;Windows 10&apos;, os.arch: &apos;amd64&apos;, os.version: &apos;10.0&apos;, java.version: &apos;15.0.1&apos;
Driver info: driver.version: ChromeDriver
remote stacktrace: Backtrace:
	Ordinal0 [0x0090C013+2474003]
	Ordinal0 [0x008A29C1+2042305]
	Ordinal0 [0x007B2F68+1060712]
	Ordinal0 [0x007D188E+1185934]
	Ordinal0 [0x007CD600+1168896]
	Ordinal0 [0x007CAA83+1157763]
	Ordinal0 [0x007FA2A2+1352354]
	Ordinal0 [0x007F8FAA+1347498]
	Ordinal0 [0x007F66DB+1337051]
	Ordinal0 [0x007D3427+1192999]
	Ordinal0 [0x007D42EE+1196782]
	Ordinal0 [0x007D4279+1196665]
	GetHandleVerifier [0x00A996FC+1590332]
	GetHandleVerifier [0x00B48614+2306900]
	GetHandleVerifier [0x00999E93+543699]
	GetHandleVerifier [0x009992CE+540686]
	Ordinal0 [0x008A86BA+2066106]
	Ordinal0 [0x008AD1C8+2085320]
	Ordinal0 [0x008AD308+2085640]
	Ordinal0 [0x008B67F3+2123763]
	BaseThreadInitThunk [0x7505FA29+25]
	RtlGetAppContainerNamedObjectPath [0x77167A9E+286]
	RtlGetAppContainerNamedObjectPath [0x77167A6E+238]

	at org.openqa.selenium.remote.W3CHandshakeResponse.lambda$errorHandler$0(W3CHandshakeResponse.java:62)
	at org.openqa.selenium.remote.HandshakeResponse.lambda$getResponseFunction$0(HandshakeResponse.java:30)
	at org.openqa.selenium.remote.ProtocolHandshake.lambda$createSession$0(ProtocolHandshake.java:126)
	at java.base/java.util.stream.ReferencePipeline$3$1.accept(ReferencePipeline.java:195)
	at java.base/java.util.Spliterators$ArraySpliterator.tryAdvance(Spliterators.java:958)
	at java.base/java.util.stream.ReferencePipeline.forEachWithCancel(ReferencePipeline.java:127)
	at java.base/java.util.stream.AbstractPipeline.copyIntoWithCancel(AbstractPipeline.java:502)
	at java.base/java.util.stream.AbstractPipeline.copyInto(AbstractPipeline.java:488)
	at java.base/java.util.stream.AbstractPipeline.wrapAndCopyInto(AbstractPipeline.java:474)
	at java.base/java.util.stream.FindOps$FindOp.evaluateSequential(FindOps.java:150)
	at java.base/java.util.stream.AbstractPipeline.evaluate(AbstractPipeline.java:234)
	at java.base/java.util.stream.ReferencePipeline.findFirst(ReferencePipeline.java:543)
	at org.openqa.selenium.remote.ProtocolHandshake.createSession(ProtocolHandshake.java:128)
	at org.openqa.selenium.remote.ProtocolHandshake.createSession(ProtocolHandshake.java:74)
	at org.openqa.selenium.remote.HttpCommandExecutor.execute(HttpCommandExecutor.java:136)
	at org.openqa.selenium.remote.service.DriverCommandExecutor.execute(DriverCommandExecutor.java:83)
	at org.openqa.selenium.remote.RemoteWebDriver.execute(RemoteWebDriver.java:552)
	at org.openqa.selenium.remote.RemoteWebDriver.startSession(RemoteWebDriver.java:213)
	at org.openqa.selenium.remote.RemoteWebDriver.&lt;init&gt;(RemoteWebDriver.java:131)
	at org.openqa.selenium.chrome.ChromeDriver.&lt;init&gt;(ChromeDriver.java:181)
	at org.openqa.selenium.chrome.ChromeDriver.&lt;init&gt;(ChromeDriver.java:168)
	at org.openqa.selenium.chrome.ChromeDriver.&lt;init&gt;(ChromeDriver.java:123)
	at Parameters.ParameterByITestContextInDataprovider.setup(ParameterByITestContextInDataprovider.java:23)
... Removed 29 stack frames</div></td></tr></table><p class="totop"><a href="#summary">back to summary</a></p>
<h3 id="m1">Parameters.ParameterByITestContextInDataprovider#testMethodA</h3><table class="result"><tr class="param"><th>Parameter #1</th><th>Parameter #2</th></tr><tr class="param stripe"><td>Krishna</td><td>UK</td></tr><tr><th colspan="2">Exception</th></tr><tr><td colspan="2"><div class="stacktrace">org.openqa.selenium.SessionNotCreatedException: session not created: This version of ChromeDriver only supports Chrome version 90
Current browser version is 95.0.4638.69 with binary path C:\Program Files (x86)\Google\Chrome\Application\chrome.exe
Build info: version: &apos;3.141.59&apos;, revision: &apos;e82be7d358&apos;, time: &apos;2018-11-14T08:25:48&apos;
System info: host: &apos;DESKTOP-KVJDOUS&apos;, ip: &apos;192.168.0.8&apos;, os.name: &apos;Windows 10&apos;, os.arch: &apos;amd64&apos;, os.version: &apos;10.0&apos;, java.version: &apos;15.0.1&apos;
Driver info: driver.version: ChromeDriver
remote stacktrace: Backtrace:
	Ordinal0 [0x0090C013+2474003]
	Ordinal0 [0x008A29C1+2042305]
	Ordinal0 [0x007B2F68+1060712]
	Ordinal0 [0x007D188E+1185934]
	Ordinal0 [0x007CD600+1168896]
	Ordinal0 [0x007CAA83+1157763]
	Ordinal0 [0x007FA2A2+1352354]
	Ordinal0 [0x007F8FAA+1347498]
	Ordinal0 [0x007F66DB+1337051]
	Ordinal0 [0x007D3427+1192999]
	Ordinal0 [0x007D42EE+1196782]
	Ordinal0 [0x007D4279+1196665]
	GetHandleVerifier [0x00A996FC+1590332]
	GetHandleVerifier [0x00B48614+2306900]
	GetHandleVerifier [0x00999E93+543699]
	GetHandleVerifier [0x009992CE+540686]
	Ordinal0 [0x008A86BA+2066106]
	Ordinal0 [0x008AD1C8+2085320]
	Ordinal0 [0x008AD308+2085640]
	Ordinal0 [0x008B67F3+2123763]
	BaseThreadInitThunk [0x7505FA29+25]
	RtlGetAppContainerNamedObjectPath [0x77167A9E+286]
	RtlGetAppContainerNamedObjectPath [0x77167A6E+238]

	at org.openqa.selenium.remote.W3CHandshakeResponse.lambda$errorHandler$0(W3CHandshakeResponse.java:62)
	at org.openqa.selenium.remote.HandshakeResponse.lambda$getResponseFunction$0(HandshakeResponse.java:30)
	at org.openqa.selenium.remote.ProtocolHandshake.lambda$createSession$0(ProtocolHandshake.java:126)
	at java.base/java.util.stream.ReferencePipeline$3$1.accept(ReferencePipeline.java:195)
	at java.base/java.util.Spliterators$ArraySpliterator.tryAdvance(Spliterators.java:958)
	at java.base/java.util.stream.ReferencePipeline.forEachWithCancel(ReferencePipeline.java:127)
	at java.base/java.util.stream.AbstractPipeline.copyIntoWithCancel(AbstractPipeline.java:502)
	at java.base/java.util.stream.AbstractPipeline.copyInto(AbstractPipeline.java:488)
	at java.base/java.util.stream.AbstractPipeline.wrapAndCopyInto(AbstractPipeline.java:474)
	at java.base/java.util.stream.FindOps$FindOp.evaluateSequential(FindOps.java:150)
	at java.base/java.util.stream.AbstractPipeline.evaluate(AbstractPipeline.java:234)
	at java.base/java.util.stream.ReferencePipeline.findFirst(ReferencePipeline.java:543)
	at org.openqa.selenium.remote.ProtocolHandshake.createSession(ProtocolHandshake.java:128)
	at org.openqa.selenium.remote.ProtocolHandshake.createSession(ProtocolHandshake.java:74)
	at org.openqa.selenium.remote.HttpCommandExecutor.execute(HttpCommandExecutor.java:136)
	at org.openqa.selenium.remote.service.DriverCommandExecutor.execute(DriverCommandExecutor.java:83)
	at org.openqa.selenium.remote.RemoteWebDriver.execute(RemoteWebDriver.java:552)
	at org.openqa.selenium.remote.RemoteWebDriver.startSession(RemoteWebDriver.java:213)
	at org.openqa.selenium.remote.RemoteWebDriver.&lt;init&gt;(RemoteWebDriver.java:131)
	at org.openqa.selenium.chrome.ChromeDriver.&lt;init&gt;(ChromeDriver.java:181)
	at org.openqa.selenium.chrome.ChromeDriver.&lt;init&gt;(ChromeDriver.java:168)
	at org.openqa.selenium.chrome.ChromeDriver.&lt;init&gt;(ChromeDriver.java:123)
	at Parameters.ParameterByITestContextInDataprovider.setup(ParameterByITestContextInDataprovider.java:23)
... Removed 29 stack frames</div></td></tr></table><p class="totop"><a href="#summary">back to summary</a></p>
<h3 id="m2">Parameters.ParameterByITestContextInDataprovider#testMethodA</h3><table class="result"><tr class="param"><th>Parameter #1</th><th>Parameter #2</th></tr><tr class="param stripe"><td>Bhupesh</td><td>USA</td></tr><tr><th colspan="2">Exception</th></tr><tr><td colspan="2"><div class="stacktrace">org.openqa.selenium.SessionNotCreatedException: session not created: This version of ChromeDriver only supports Chrome version 90
Current browser version is 95.0.4638.69 with binary path C:\Program Files (x86)\Google\Chrome\Application\chrome.exe
Build info: version: &apos;3.141.59&apos;, revision: &apos;e82be7d358&apos;, time: &apos;2018-11-14T08:25:48&apos;
System info: host: &apos;DESKTOP-KVJDOUS&apos;, ip: &apos;192.168.0.8&apos;, os.name: &apos;Windows 10&apos;, os.arch: &apos;amd64&apos;, os.version: &apos;10.0&apos;, java.version: &apos;15.0.1&apos;
Driver info: driver.version: ChromeDriver
remote stacktrace: Backtrace:
	Ordinal0 [0x0090C013+2474003]
	Ordinal0 [0x008A29C1+2042305]
	Ordinal0 [0x007B2F68+1060712]
	Ordinal0 [0x007D188E+1185934]
	Ordinal0 [0x007CD600+1168896]
	Ordinal0 [0x007CAA83+1157763]
	Ordinal0 [0x007FA2A2+1352354]
	Ordinal0 [0x007F8FAA+1347498]
	Ordinal0 [0x007F66DB+1337051]
	Ordinal0 [0x007D3427+1192999]
	Ordinal0 [0x007D42EE+1196782]
	Ordinal0 [0x007D4279+1196665]
	GetHandleVerifier [0x00A996FC+1590332]
	GetHandleVerifier [0x00B48614+2306900]
	GetHandleVerifier [0x00999E93+543699]
	GetHandleVerifier [0x009992CE+540686]
	Ordinal0 [0x008A86BA+2066106]
	Ordinal0 [0x008AD1C8+2085320]
	Ordinal0 [0x008AD308+2085640]
	Ordinal0 [0x008B67F3+2123763]
	BaseThreadInitThunk [0x7505FA29+25]
	RtlGetAppContainerNamedObjectPath [0x77167A9E+286]
	RtlGetAppContainerNamedObjectPath [0x77167A6E+238]

	at org.openqa.selenium.remote.W3CHandshakeResponse.lambda$errorHandler$0(W3CHandshakeResponse.java:62)
	at org.openqa.selenium.remote.HandshakeResponse.lambda$getResponseFunction$0(HandshakeResponse.java:30)
	at org.openqa.selenium.remote.ProtocolHandshake.lambda$createSession$0(ProtocolHandshake.java:126)
	at java.base/java.util.stream.ReferencePipeline$3$1.accept(ReferencePipeline.java:195)
	at java.base/java.util.Spliterators$ArraySpliterator.tryAdvance(Spliterators.java:958)
	at java.base/java.util.stream.ReferencePipeline.forEachWithCancel(ReferencePipeline.java:127)
	at java.base/java.util.stream.AbstractPipeline.copyIntoWithCancel(AbstractPipeline.java:502)
	at java.base/java.util.stream.AbstractPipeline.copyInto(AbstractPipeline.java:488)
	at java.base/java.util.stream.AbstractPipeline.wrapAndCopyInto(AbstractPipeline.java:474)
	at java.base/java.util.stream.FindOps$FindOp.evaluateSequential(FindOps.java:150)
	at java.base/java.util.stream.AbstractPipeline.evaluate(AbstractPipeline.java:234)
	at java.base/java.util.stream.ReferencePipeline.findFirst(ReferencePipeline.java:543)
	at org.openqa.selenium.remote.ProtocolHandshake.createSession(ProtocolHandshake.java:128)
	at org.openqa.selenium.remote.ProtocolHandshake.createSession(ProtocolHandshake.java:74)
	at org.openqa.selenium.remote.HttpCommandExecutor.execute(HttpCommandExecutor.java:136)
	at org.openqa.selenium.remote.service.DriverCommandExecutor.execute(DriverCommandExecutor.java:83)
	at org.openqa.selenium.remote.RemoteWebDriver.execute(RemoteWebDriver.java:552)
	at org.openqa.selenium.remote.RemoteWebDriver.startSession(RemoteWebDriver.java:213)
	at org.openqa.selenium.remote.RemoteWebDriver.&lt;init&gt;(RemoteWebDriver.java:131)
	at org.openqa.selenium.chrome.ChromeDriver.&lt;init&gt;(ChromeDriver.java:181)
	at org.openqa.selenium.chrome.ChromeDriver.&lt;init&gt;(ChromeDriver.java:168)
	at org.openqa.selenium.chrome.ChromeDriver.&lt;init&gt;(ChromeDriver.java:123)
	at Parameters.ParameterByITestContextInDataprovider.setup(ParameterByITestContextInDataprovider.java:23)
... Removed 29 stack frames</div></td></tr></table><p class="totop"><a href="#summary">back to summary</a></p>
<h3 id="m3">Parameters.ParameterByITestContextInDataprovider#testMethodA</h3><table class="result"><tr class="param"><th>Parameter #1</th><th>Parameter #2</th></tr><tr class="param stripe"><td>Guru99</td><td>India</td></tr><tr><th colspan="2">Exception</th></tr><tr><td colspan="2"><div class="stacktrace">org.openqa.selenium.SessionNotCreatedException: session not created: This version of ChromeDriver only supports Chrome version 90
Current browser version is 95.0.4638.69 with binary path C:\Program Files (x86)\Google\Chrome\Application\chrome.exe
Build info: version: &apos;3.141.59&apos;, revision: &apos;e82be7d358&apos;, time: &apos;2018-11-14T08:25:48&apos;
System info: host: &apos;DESKTOP-KVJDOUS&apos;, ip: &apos;192.168.0.8&apos;, os.name: &apos;Windows 10&apos;, os.arch: &apos;amd64&apos;, os.version: &apos;10.0&apos;, java.version: &apos;15.0.1&apos;
Driver info: driver.version: ChromeDriver
remote stacktrace: Backtrace:
	Ordinal0 [0x0090C013+2474003]
	Ordinal0 [0x008A29C1+2042305]
	Ordinal0 [0x007B2F68+1060712]
	Ordinal0 [0x007D188E+1185934]
	Ordinal0 [0x007CD600+1168896]
	Ordinal0 [0x007CAA83+1157763]
	Ordinal0 [0x007FA2A2+1352354]
	Ordinal0 [0x007F8FAA+1347498]
	Ordinal0 [0x007F66DB+1337051]
	Ordinal0 [0x007D3427+1192999]
	Ordinal0 [0x007D42EE+1196782]
	Ordinal0 [0x007D4279+1196665]
	GetHandleVerifier [0x00A996FC+1590332]
	GetHandleVerifier [0x00B48614+2306900]
	GetHandleVerifier [0x00999E93+543699]
	GetHandleVerifier [0x009992CE+540686]
	Ordinal0 [0x008A86BA+2066106]
	Ordinal0 [0x008AD1C8+2085320]
	Ordinal0 [0x008AD308+2085640]
	Ordinal0 [0x008B67F3+2123763]
	BaseThreadInitThunk [0x7505FA29+25]
	RtlGetAppContainerNamedObjectPath [0x77167A9E+286]
	RtlGetAppContainerNamedObjectPath [0x77167A6E+238]

	at org.openqa.selenium.remote.W3CHandshakeResponse.lambda$errorHandler$0(W3CHandshakeResponse.java:62)
	at org.openqa.selenium.remote.HandshakeResponse.lambda$getResponseFunction$0(HandshakeResponse.java:30)
	at org.openqa.selenium.remote.ProtocolHandshake.lambda$createSession$0(ProtocolHandshake.java:126)
	at java.base/java.util.stream.ReferencePipeline$3$1.accept(ReferencePipeline.java:195)
	at java.base/java.util.Spliterators$ArraySpliterator.tryAdvance(Spliterators.java:958)
	at java.base/java.util.stream.ReferencePipeline.forEachWithCancel(ReferencePipeline.java:127)
	at java.base/java.util.stream.AbstractPipeline.copyIntoWithCancel(AbstractPipeline.java:502)
	at java.base/java.util.stream.AbstractPipeline.copyInto(AbstractPipeline.java:488)
	at java.base/java.util.stream.AbstractPipeline.wrapAndCopyInto(AbstractPipeline.java:474)
	at java.base/java.util.stream.FindOps$FindOp.evaluateSequential(FindOps.java:150)
	at java.base/java.util.stream.AbstractPipeline.evaluate(AbstractPipeline.java:234)
	at java.base/java.util.stream.ReferencePipeline.findFirst(ReferencePipeline.java:543)
	at org.openqa.selenium.remote.ProtocolHandshake.createSession(ProtocolHandshake.java:128)
	at org.openqa.selenium.remote.ProtocolHandshake.createSession(ProtocolHandshake.java:74)
	at org.openqa.selenium.remote.HttpCommandExecutor.execute(HttpCommandExecutor.java:136)
	at org.openqa.selenium.remote.service.DriverCommandExecutor.execute(DriverCommandExecutor.java:83)
	at org.openqa.selenium.remote.RemoteWebDriver.execute(RemoteWebDriver.java:552)
	at org.openqa.selenium.remote.RemoteWebDriver.startSession(RemoteWebDriver.java:213)
	at org.openqa.selenium.remote.RemoteWebDriver.&lt;init&gt;(RemoteWebDriver.java:131)
	at org.openqa.selenium.chrome.ChromeDriver.&lt;init&gt;(ChromeDriver.java:181)
	at org.openqa.selenium.chrome.ChromeDriver.&lt;init&gt;(ChromeDriver.java:168)
	at org.openqa.selenium.chrome.ChromeDriver.&lt;init&gt;(ChromeDriver.java:123)
	at Parameters.ParameterByITestContextInDataprovider.setup(ParameterByITestContextInDataprovider.java:23)
... Removed 29 stack frames</div></td></tr></table><p class="totop"><a href="#summary">back to summary</a></p>
<h2>TestB</h2><h3 id="m4">Parameters.ParameterByITestContextInDataprovider#setup</h3><table class="result"><tr><th>Exception</th></tr><tr><td><div class="stacktrace">org.openqa.selenium.SessionNotCreatedException: session not created: This version of ChromeDriver only supports Chrome version 90
Current browser version is 95.0.4638.69 with binary path C:\Program Files (x86)\Google\Chrome\Application\chrome.exe
Build info: version: &apos;3.141.59&apos;, revision: &apos;e82be7d358&apos;, time: &apos;2018-11-14T08:25:48&apos;
System info: host: &apos;DESKTOP-KVJDOUS&apos;, ip: &apos;192.168.0.8&apos;, os.name: &apos;Windows 10&apos;, os.arch: &apos;amd64&apos;, os.version: &apos;10.0&apos;, java.version: &apos;15.0.1&apos;
Driver info: driver.version: ChromeDriver
remote stacktrace: Backtrace:
	Ordinal0 [0x0090C013+2474003]
	Ordinal0 [0x008A29C1+2042305]
	Ordinal0 [0x007B2F68+1060712]
	Ordinal0 [0x007D188E+1185934]
	Ordinal0 [0x007CD600+1168896]
	Ordinal0 [0x007CAA83+1157763]
	Ordinal0 [0x007FA2A2+1352354]
	Ordinal0 [0x007F8FAA+1347498]
	Ordinal0 [0x007F66DB+1337051]
	Ordinal0 [0x007D3427+1192999]
	Ordinal0 [0x007D42EE+1196782]
	Ordinal0 [0x007D4279+1196665]
	GetHandleVerifier [0x00A996FC+1590332]
	GetHandleVerifier [0x00B48614+2306900]
	GetHandleVerifier [0x00999E93+543699]
	GetHandleVerifier [0x009992CE+540686]
	Ordinal0 [0x008A86BA+2066106]
	Ordinal0 [0x008AD1C8+2085320]
	Ordinal0 [0x008AD308+2085640]
	Ordinal0 [0x008B67F3+2123763]
	BaseThreadInitThunk [0x7505FA29+25]
	RtlGetAppContainerNamedObjectPath [0x77167A9E+286]
	RtlGetAppContainerNamedObjectPath [0x77167A6E+238]

	at org.openqa.selenium.remote.W3CHandshakeResponse.lambda$errorHandler$0(W3CHandshakeResponse.java:62)
	at org.openqa.selenium.remote.HandshakeResponse.lambda$getResponseFunction$0(HandshakeResponse.java:30)
	at org.openqa.selenium.remote.ProtocolHandshake.lambda$createSession$0(ProtocolHandshake.java:126)
	at java.base/java.util.stream.ReferencePipeline$3$1.accept(ReferencePipeline.java:195)
	at java.base/java.util.Spliterators$ArraySpliterator.tryAdvance(Spliterators.java:958)
	at java.base/java.util.stream.ReferencePipeline.forEachWithCancel(ReferencePipeline.java:127)
	at java.base/java.util.stream.AbstractPipeline.copyIntoWithCancel(AbstractPipeline.java:502)
	at java.base/java.util.stream.AbstractPipeline.copyInto(AbstractPipeline.java:488)
	at java.base/java.util.stream.AbstractPipeline.wrapAndCopyInto(AbstractPipeline.java:474)
	at java.base/java.util.stream.FindOps$FindOp.evaluateSequential(FindOps.java:150)
	at java.base/java.util.stream.AbstractPipeline.evaluate(AbstractPipeline.java:234)
	at java.base/java.util.stream.ReferencePipeline.findFirst(ReferencePipeline.java:543)
	at org.openqa.selenium.remote.ProtocolHandshake.createSession(ProtocolHandshake.java:128)
	at org.openqa.selenium.remote.ProtocolHandshake.createSession(ProtocolHandshake.java:74)
	at org.openqa.selenium.remote.HttpCommandExecutor.execute(HttpCommandExecutor.java:136)
	at org.openqa.selenium.remote.service.DriverCommandExecutor.execute(DriverCommandExecutor.java:83)
	at org.openqa.selenium.remote.RemoteWebDriver.execute(RemoteWebDriver.java:552)
	at org.openqa.selenium.remote.RemoteWebDriver.startSession(RemoteWebDriver.java:213)
	at org.openqa.selenium.remote.RemoteWebDriver.&lt;init&gt;(RemoteWebDriver.java:131)
	at org.openqa.selenium.chrome.ChromeDriver.&lt;init&gt;(ChromeDriver.java:181)
	at org.openqa.selenium.chrome.ChromeDriver.&lt;init&gt;(ChromeDriver.java:168)
	at org.openqa.selenium.chrome.ChromeDriver.&lt;init&gt;(ChromeDriver.java:123)
	at Parameters.ParameterByITestContextInDataprovider.setup(ParameterByITestContextInDataprovider.java:23)
... Removed 29 stack frames</div></td></tr></table><p class="totop"><a href="#summary">back to summary</a></p>
<h3 id="m5">Parameters.ParameterByITestContextInDataprovider#testMethodB</h3><table class="result"><tr class="param"><th>Parameter #1</th></tr><tr class="param stripe"><td>Russia</td></tr><tr><th>Exception</th></tr><tr><td><div class="stacktrace">org.openqa.selenium.SessionNotCreatedException: session not created: This version of ChromeDriver only supports Chrome version 90
Current browser version is 95.0.4638.69 with binary path C:\Program Files (x86)\Google\Chrome\Application\chrome.exe
Build info: version: &apos;3.141.59&apos;, revision: &apos;e82be7d358&apos;, time: &apos;2018-11-14T08:25:48&apos;
System info: host: &apos;DESKTOP-KVJDOUS&apos;, ip: &apos;192.168.0.8&apos;, os.name: &apos;Windows 10&apos;, os.arch: &apos;amd64&apos;, os.version: &apos;10.0&apos;, java.version: &apos;15.0.1&apos;
Driver info: driver.version: ChromeDriver
remote stacktrace: Backtrace:
	Ordinal0 [0x0090C013+2474003]
	Ordinal0 [0x008A29C1+2042305]
	Ordinal0 [0x007B2F68+1060712]
	Ordinal0 [0x007D188E+1185934]
	Ordinal0 [0x007CD600+1168896]
	Ordinal0 [0x007CAA83+1157763]
	Ordinal0 [0x007FA2A2+1352354]
	Ordinal0 [0x007F8FAA+1347498]
	Ordinal0 [0x007F66DB+1337051]
	Ordinal0 [0x007D3427+1192999]
	Ordinal0 [0x007D42EE+1196782]
	Ordinal0 [0x007D4279+1196665]
	GetHandleVerifier [0x00A996FC+1590332]
	GetHandleVerifier [0x00B48614+2306900]
	GetHandleVerifier [0x00999E93+543699]
	GetHandleVerifier [0x009992CE+540686]
	Ordinal0 [0x008A86BA+2066106]
	Ordinal0 [0x008AD1C8+2085320]
	Ordinal0 [0x008AD308+2085640]
	Ordinal0 [0x008B67F3+2123763]
	BaseThreadInitThunk [0x7505FA29+25]
	RtlGetAppContainerNamedObjectPath [0x77167A9E+286]
	RtlGetAppContainerNamedObjectPath [0x77167A6E+238]

	at org.openqa.selenium.remote.W3CHandshakeResponse.lambda$errorHandler$0(W3CHandshakeResponse.java:62)
	at org.openqa.selenium.remote.HandshakeResponse.lambda$getResponseFunction$0(HandshakeResponse.java:30)
	at org.openqa.selenium.remote.ProtocolHandshake.lambda$createSession$0(ProtocolHandshake.java:126)
	at java.base/java.util.stream.ReferencePipeline$3$1.accept(ReferencePipeline.java:195)
	at java.base/java.util.Spliterators$ArraySpliterator.tryAdvance(Spliterators.java:958)
	at java.base/java.util.stream.ReferencePipeline.forEachWithCancel(ReferencePipeline.java:127)
	at java.base/java.util.stream.AbstractPipeline.copyIntoWithCancel(AbstractPipeline.java:502)
	at java.base/java.util.stream.AbstractPipeline.copyInto(AbstractPipeline.java:488)
	at java.base/java.util.stream.AbstractPipeline.wrapAndCopyInto(AbstractPipeline.java:474)
	at java.base/java.util.stream.FindOps$FindOp.evaluateSequential(FindOps.java:150)
	at java.base/java.util.stream.AbstractPipeline.evaluate(AbstractPipeline.java:234)
	at java.base/java.util.stream.ReferencePipeline.findFirst(ReferencePipeline.java:543)
	at org.openqa.selenium.remote.ProtocolHandshake.createSession(ProtocolHandshake.java:128)
	at org.openqa.selenium.remote.ProtocolHandshake.createSession(ProtocolHandshake.java:74)
	at org.openqa.selenium.remote.HttpCommandExecutor.execute(HttpCommandExecutor.java:136)
	at org.openqa.selenium.remote.service.DriverCommandExecutor.execute(DriverCommandExecutor.java:83)
	at org.openqa.selenium.remote.RemoteWebDriver.execute(RemoteWebDriver.java:552)
	at org.openqa.selenium.remote.RemoteWebDriver.startSession(RemoteWebDriver.java:213)
	at org.openqa.selenium.remote.RemoteWebDriver.&lt;init&gt;(RemoteWebDriver.java:131)
	at org.openqa.selenium.chrome.ChromeDriver.&lt;init&gt;(ChromeDriver.java:181)
	at org.openqa.selenium.chrome.ChromeDriver.&lt;init&gt;(ChromeDriver.java:168)
	at org.openqa.selenium.chrome.ChromeDriver.&lt;init&gt;(ChromeDriver.java:123)
	at Parameters.ParameterByITestContextInDataprovider.setup(ParameterByITestContextInDataprovider.java:23)
... Removed 29 stack frames</div></td></tr></table><p class="totop"><a href="#summary">back to summary</a></p>
<h3 id="m6">Parameters.ParameterByITestContextInDataprovider#testMethodB</h3><table class="result"><tr class="param"><th>Parameter #1</th></tr><tr class="param stripe"><td>Canada</td></tr><tr><th>Exception</th></tr><tr><td><div class="stacktrace">org.openqa.selenium.SessionNotCreatedException: session not created: This version of ChromeDriver only supports Chrome version 90
Current browser version is 95.0.4638.69 with binary path C:\Program Files (x86)\Google\Chrome\Application\chrome.exe
Build info: version: &apos;3.141.59&apos;, revision: &apos;e82be7d358&apos;, time: &apos;2018-11-14T08:25:48&apos;
System info: host: &apos;DESKTOP-KVJDOUS&apos;, ip: &apos;192.168.0.8&apos;, os.name: &apos;Windows 10&apos;, os.arch: &apos;amd64&apos;, os.version: &apos;10.0&apos;, java.version: &apos;15.0.1&apos;
Driver info: driver.version: ChromeDriver
remote stacktrace: Backtrace:
	Ordinal0 [0x0090C013+2474003]
	Ordinal0 [0x008A29C1+2042305]
	Ordinal0 [0x007B2F68+1060712]
	Ordinal0 [0x007D188E+1185934]
	Ordinal0 [0x007CD600+1168896]
	Ordinal0 [0x007CAA83+1157763]
	Ordinal0 [0x007FA2A2+1352354]
	Ordinal0 [0x007F8FAA+1347498]
	Ordinal0 [0x007F66DB+1337051]
	Ordinal0 [0x007D3427+1192999]
	Ordinal0 [0x007D42EE+1196782]
	Ordinal0 [0x007D4279+1196665]
	GetHandleVerifier [0x00A996FC+1590332]
	GetHandleVerifier [0x00B48614+2306900]
	GetHandleVerifier [0x00999E93+543699]
	GetHandleVerifier [0x009992CE+540686]
	Ordinal0 [0x008A86BA+2066106]
	Ordinal0 [0x008AD1C8+2085320]
	Ordinal0 [0x008AD308+2085640]
	Ordinal0 [0x008B67F3+2123763]
	BaseThreadInitThunk [0x7505FA29+25]
	RtlGetAppContainerNamedObjectPath [0x77167A9E+286]
	RtlGetAppContainerNamedObjectPath [0x77167A6E+238]

	at org.openqa.selenium.remote.W3CHandshakeResponse.lambda$errorHandler$0(W3CHandshakeResponse.java:62)
	at org.openqa.selenium.remote.HandshakeResponse.lambda$getResponseFunction$0(HandshakeResponse.java:30)
	at org.openqa.selenium.remote.ProtocolHandshake.lambda$createSession$0(ProtocolHandshake.java:126)
	at java.base/java.util.stream.ReferencePipeline$3$1.accept(ReferencePipeline.java:195)
	at java.base/java.util.Spliterators$ArraySpliterator.tryAdvance(Spliterators.java:958)
	at java.base/java.util.stream.ReferencePipeline.forEachWithCancel(ReferencePipeline.java:127)
	at java.base/java.util.stream.AbstractPipeline.copyIntoWithCancel(AbstractPipeline.java:502)
	at java.base/java.util.stream.AbstractPipeline.copyInto(AbstractPipeline.java:488)
	at java.base/java.util.stream.AbstractPipeline.wrapAndCopyInto(AbstractPipeline.java:474)
	at java.base/java.util.stream.FindOps$FindOp.evaluateSequential(FindOps.java:150)
	at java.base/java.util.stream.AbstractPipeline.evaluate(AbstractPipeline.java:234)
	at java.base/java.util.stream.ReferencePipeline.findFirst(ReferencePipeline.java:543)
	at org.openqa.selenium.remote.ProtocolHandshake.createSession(ProtocolHandshake.java:128)
	at org.openqa.selenium.remote.ProtocolHandshake.createSession(ProtocolHandshake.java:74)
	at org.openqa.selenium.remote.HttpCommandExecutor.execute(HttpCommandExecutor.java:136)
	at org.openqa.selenium.remote.service.DriverCommandExecutor.execute(DriverCommandExecutor.java:83)
	at org.openqa.selenium.remote.RemoteWebDriver.execute(RemoteWebDriver.java:552)
	at org.openqa.selenium.remote.RemoteWebDriver.startSession(RemoteWebDriver.java:213)
	at org.openqa.selenium.remote.RemoteWebDriver.&lt;init&gt;(RemoteWebDriver.java:131)
	at org.openqa.selenium.chrome.ChromeDriver.&lt;init&gt;(ChromeDriver.java:181)
	at org.openqa.selenium.chrome.ChromeDriver.&lt;init&gt;(ChromeDriver.java:168)
	at org.openqa.selenium.chrome.ChromeDriver.&lt;init&gt;(ChromeDriver.java:123)
	at Parameters.ParameterByITestContextInDataprovider.setup(ParameterByITestContextInDataprovider.java:23)
... Removed 29 stack frames</div></td></tr></table><p class="totop"><a href="#summary">back to summary</a></p>
<h3 id="m7">Parameters.ParameterByITestContextInDataprovider#testMethodB</h3><table class="result"><tr class="param"><th>Parameter #1</th></tr><tr class="param stripe"><td>Japan</td></tr><tr><th>Exception</th></tr><tr><td><div class="stacktrace">org.openqa.selenium.SessionNotCreatedException: session not created: This version of ChromeDriver only supports Chrome version 90
Current browser version is 95.0.4638.69 with binary path C:\Program Files (x86)\Google\Chrome\Application\chrome.exe
Build info: version: &apos;3.141.59&apos;, revision: &apos;e82be7d358&apos;, time: &apos;2018-11-14T08:25:48&apos;
System info: host: &apos;DESKTOP-KVJDOUS&apos;, ip: &apos;192.168.0.8&apos;, os.name: &apos;Windows 10&apos;, os.arch: &apos;amd64&apos;, os.version: &apos;10.0&apos;, java.version: &apos;15.0.1&apos;
Driver info: driver.version: ChromeDriver
remote stacktrace: Backtrace:
	Ordinal0 [0x0090C013+2474003]
	Ordinal0 [0x008A29C1+2042305]
	Ordinal0 [0x007B2F68+1060712]
	Ordinal0 [0x007D188E+1185934]
	Ordinal0 [0x007CD600+1168896]
	Ordinal0 [0x007CAA83+1157763]
	Ordinal0 [0x007FA2A2+1352354]
	Ordinal0 [0x007F8FAA+1347498]
	Ordinal0 [0x007F66DB+1337051]
	Ordinal0 [0x007D3427+1192999]
	Ordinal0 [0x007D42EE+1196782]
	Ordinal0 [0x007D4279+1196665]
	GetHandleVerifier [0x00A996FC+1590332]
	GetHandleVerifier [0x00B48614+2306900]
	GetHandleVerifier [0x00999E93+543699]
	GetHandleVerifier [0x009992CE+540686]
	Ordinal0 [0x008A86BA+2066106]
	Ordinal0 [0x008AD1C8+2085320]
	Ordinal0 [0x008AD308+2085640]
	Ordinal0 [0x008B67F3+2123763]
	BaseThreadInitThunk [0x7505FA29+25]
	RtlGetAppContainerNamedObjectPath [0x77167A9E+286]
	RtlGetAppContainerNamedObjectPath [0x77167A6E+238]

	at org.openqa.selenium.remote.W3CHandshakeResponse.lambda$errorHandler$0(W3CHandshakeResponse.java:62)
	at org.openqa.selenium.remote.HandshakeResponse.lambda$getResponseFunction$0(HandshakeResponse.java:30)
	at org.openqa.selenium.remote.ProtocolHandshake.lambda$createSession$0(ProtocolHandshake.java:126)
	at java.base/java.util.stream.ReferencePipeline$3$1.accept(ReferencePipeline.java:195)
	at java.base/java.util.Spliterators$ArraySpliterator.tryAdvance(Spliterators.java:958)
	at java.base/java.util.stream.ReferencePipeline.forEachWithCancel(ReferencePipeline.java:127)
	at java.base/java.util.stream.AbstractPipeline.copyIntoWithCancel(AbstractPipeline.java:502)
	at java.base/java.util.stream.AbstractPipeline.copyInto(AbstractPipeline.java:488)
	at java.base/java.util.stream.AbstractPipeline.wrapAndCopyInto(AbstractPipeline.java:474)
	at java.base/java.util.stream.FindOps$FindOp.evaluateSequential(FindOps.java:150)
	at java.base/java.util.stream.AbstractPipeline.evaluate(AbstractPipeline.java:234)
	at java.base/java.util.stream.ReferencePipeline.findFirst(ReferencePipeline.java:543)
	at org.openqa.selenium.remote.ProtocolHandshake.createSession(ProtocolHandshake.java:128)
	at org.openqa.selenium.remote.ProtocolHandshake.createSession(ProtocolHandshake.java:74)
	at org.openqa.selenium.remote.HttpCommandExecutor.execute(HttpCommandExecutor.java:136)
	at org.openqa.selenium.remote.service.DriverCommandExecutor.execute(DriverCommandExecutor.java:83)
	at org.openqa.selenium.remote.RemoteWebDriver.execute(RemoteWebDriver.java:552)
	at org.openqa.selenium.remote.RemoteWebDriver.startSession(RemoteWebDriver.java:213)
	at org.openqa.selenium.remote.RemoteWebDriver.&lt;init&gt;(RemoteWebDriver.java:131)
	at org.openqa.selenium.chrome.ChromeDriver.&lt;init&gt;(ChromeDriver.java:181)
	at org.openqa.selenium.chrome.ChromeDriver.&lt;init&gt;(ChromeDriver.java:168)
	at org.openqa.selenium.chrome.ChromeDriver.&lt;init&gt;(ChromeDriver.java:123)
	at Parameters.ParameterByITestContextInDataprovider.setup(ParameterByITestContextInDataprovider.java:23)
... Removed 29 stack frames</div></td></tr></table><p class="totop"><a href="#summary">back to summary</a></p>
</body>
</html>
