<?xml version="1.0" encoding="UTF-8"?>
<testng-results ignored="2" total="8" passed="0" failed="0" skipped="6">
  <reporter-output>
  </reporter-output>
  <suite started-at="2021-11-04T09:46:11 CDT" name="Suite" finished-at="2021-11-04T09:46:15 CDT" duration-ms="4117">
    <groups>
      <group name="A">
        <method signature="ParameterByITestContextInDataprovider.testMethodA(java.lang.String, java.lang.String)[pri:0, instance:Parameters.ParameterByITestContextInDataprovider@f2ff811]" name="testMethodA" class="Parameters.ParameterByITestContextInDataprovider"/>
      </group> <!-- A -->
      <group name="B">
        <method signature="ParameterByITestContextInDataprovider.testMethodB(java.lang.String)[pri:0, instance:Parameters.ParameterByITestContextInDataprovider@2525ff7e]" name="testMethodB" class="Parameters.ParameterByITestContextInDataprovider"/>
      </group> <!-- B -->
    </groups>
    <test started-at="2021-11-04T09:46:11 CDT" name="TestA" finished-at="2021-11-04T09:46:14 CDT" duration-ms="2533">
      <class name="Parameters.ParameterByITestContextInDataprovider">
        <test-method is-config="true" signature="setup()[pri:0, instance:Parameters.ParameterByITestContextInDataprovider@f2ff811]" started-at="2021-11-04T09:46:11 CDT" name="setup" finished-at="2021-11-04T09:46:14 CDT" duration-ms="2446" status="FAIL">
          <exception class="org.openqa.selenium.SessionNotCreatedException">
            <message>
              <![CDATA[session not created: This version of ChromeDriver only supports Chrome version 90
Current browser version is 95.0.4638.69 with binary path C:\Program Files (x86)\Google\Chrome\Application\chrome.exe
Build info: version: '3.141.59', revision: 'e82be7d358', time: '2018-11-14T08:25:48'
System info: host: 'DESKTOP-KVJDOUS', ip: '192.168.0.8', os.name: 'Windows 10', os.arch: 'amd64', os.version: '10.0', java.version: '15.0.1'
Driver info: driver.version: ChromeDriver
remote stacktrace: Backtrace:
Ordinal0 [0x0090C013+2474003]
Ordinal0 [0x008A29C1+2042305]
Ordinal0 [0x007B2F68+1060712]
Ordinal0 [0x007D188E+1185934]
Ordinal0 [0x007CD600+1168896]
Ordinal0 [0x007CAA83+1157763]
Ordinal0 [0x007FA2A2+1352354]
Ordinal0 [0x007F8FAA+1347498]
Ordinal0 [0x007F66DB+1337051]
Ordinal0 [0x007D3427+1192999]
Ordinal0 [0x007D42EE+1196782]
Ordinal0 [0x007D4279+1196665]
GetHandleVerifier [0x00A996FC+1590332]
GetHandleVerifier [0x00B48614+2306900]
GetHandleVerifier [0x00999E93+543699]
GetHandleVerifier [0x009992CE+540686]
Ordinal0 [0x008A86BA+2066106]
Ordinal0 [0x008AD1C8+2085320]
Ordinal0 [0x008AD308+2085640]
Ordinal0 [0x008B67F3+2123763]
BaseThreadInitThunk [0x7505FA29+25]
RtlGetAppContainerNamedObjectPath [0x77167A9E+286]
RtlGetAppContainerNamedObjectPath [0x77167A6E+238]
]]>
            </message>
            <full-stacktrace>
              <![CDATA[org.openqa.selenium.SessionNotCreatedException: session not created: This version of ChromeDriver only supports Chrome version 90
Current browser version is 95.0.4638.69 with binary path C:\Program Files (x86)\Google\Chrome\Application\chrome.exe
Build info: version: '3.141.59', revision: 'e82be7d358', time: '2018-11-14T08:25:48'
System info: host: 'DESKTOP-KVJDOUS', ip: '192.168.0.8', os.name: 'Windows 10', os.arch: 'amd64', os.version: '10.0', java.version: '15.0.1'
Driver info: driver.version: ChromeDriver
remote stacktrace: Backtrace:
Ordinal0 [0x0090C013+2474003]
Ordinal0 [0x008A29C1+2042305]
Ordinal0 [0x007B2F68+1060712]
Ordinal0 [0x007D188E+1185934]
Ordinal0 [0x007CD600+1168896]
Ordinal0 [0x007CAA83+1157763]
Ordinal0 [0x007FA2A2+1352354]
Ordinal0 [0x007F8FAA+1347498]
Ordinal0 [0x007F66DB+1337051]
Ordinal0 [0x007D3427+1192999]
Ordinal0 [0x007D42EE+1196782]
Ordinal0 [0x007D4279+1196665]
GetHandleVerifier [0x00A996FC+1590332]
GetHandleVerifier [0x00B48614+2306900]
GetHandleVerifier [0x00999E93+543699]
GetHandleVerifier [0x009992CE+540686]
Ordinal0 [0x008A86BA+2066106]
Ordinal0 [0x008AD1C8+2085320]
Ordinal0 [0x008AD308+2085640]
Ordinal0 [0x008B67F3+2123763]
BaseThreadInitThunk [0x7505FA29+25]
RtlGetAppContainerNamedObjectPath [0x77167A9E+286]
RtlGetAppContainerNamedObjectPath [0x77167A6E+238]

at java.base/jdk.internal.reflect.NativeConstructorAccessorImpl.newInstance0(Native Method)
at java.base/jdk.internal.reflect.NativeConstructorAccessorImpl.newInstance(NativeConstructorAccessorImpl.java:64)
at java.base/jdk.internal.reflect.DelegatingConstructorAccessorImpl.newInstance(DelegatingConstructorAccessorImpl.java:45)
at java.base/java.lang.reflect.Constructor.newInstanceWithCaller(Constructor.java:500)
at java.base/java.lang.reflect.Constructor.newInstance(Constructor.java:481)
at org.openqa.selenium.remote.W3CHandshakeResponse.lambda$errorHandler$0(W3CHandshakeResponse.java:62)
at org.openqa.selenium.remote.HandshakeResponse.lambda$getResponseFunction$0(HandshakeResponse.java:30)
at org.openqa.selenium.remote.ProtocolHandshake.lambda$createSession$0(ProtocolHandshake.java:126)
at java.base/java.util.stream.ReferencePipeline$3$1.accept(ReferencePipeline.java:195)
at java.base/java.util.Spliterators$ArraySpliterator.tryAdvance(Spliterators.java:958)
at java.base/java.util.stream.ReferencePipeline.forEachWithCancel(ReferencePipeline.java:127)
at java.base/java.util.stream.AbstractPipeline.copyIntoWithCancel(AbstractPipeline.java:502)
at java.base/java.util.stream.AbstractPipeline.copyInto(AbstractPipeline.java:488)
at java.base/java.util.stream.AbstractPipeline.wrapAndCopyInto(AbstractPipeline.java:474)
at java.base/java.util.stream.FindOps$FindOp.evaluateSequential(FindOps.java:150)
at java.base/java.util.stream.AbstractPipeline.evaluate(AbstractPipeline.java:234)
at java.base/java.util.stream.ReferencePipeline.findFirst(ReferencePipeline.java:543)
at org.openqa.selenium.remote.ProtocolHandshake.createSession(ProtocolHandshake.java:128)
at org.openqa.selenium.remote.ProtocolHandshake.createSession(ProtocolHandshake.java:74)
at org.openqa.selenium.remote.HttpCommandExecutor.execute(HttpCommandExecutor.java:136)
at org.openqa.selenium.remote.service.DriverCommandExecutor.execute(DriverCommandExecutor.java:83)
at org.openqa.selenium.remote.RemoteWebDriver.execute(RemoteWebDriver.java:552)
at org.openqa.selenium.remote.RemoteWebDriver.startSession(RemoteWebDriver.java:213)
at org.openqa.selenium.remote.RemoteWebDriver.<init>(RemoteWebDriver.java:131)
at org.openqa.selenium.chrome.ChromeDriver.<init>(ChromeDriver.java:181)
at org.openqa.selenium.chrome.ChromeDriver.<init>(ChromeDriver.java:168)
at org.openqa.selenium.chrome.ChromeDriver.<init>(ChromeDriver.java:123)
at Parameters.ParameterByITestContextInDataprovider.setup(ParameterByITestContextInDataprovider.java:23)
at java.base/jdk.internal.reflect.NativeMethodAccessorImpl.invoke0(Native Method)
at java.base/jdk.internal.reflect.NativeMethodAccessorImpl.invoke(NativeMethodAccessorImpl.java:64)
at java.base/jdk.internal.reflect.DelegatingMethodAccessorImpl.invoke(DelegatingMethodAccessorImpl.java:43)
at java.base/java.lang.reflect.Method.invoke(Method.java:564)
at org.testng.internal.MethodInvocationHelper.invokeMethod(MethodInvocationHelper.java:132)
at org.testng.internal.MethodInvocationHelper.invokeMethodConsideringTimeout(MethodInvocationHelper.java:61)
at org.testng.internal.ConfigInvoker.invokeConfigurationMethod(ConfigInvoker.java:366)
at org.testng.internal.ConfigInvoker.invokeConfigurations(ConfigInvoker.java:320)
at org.testng.TestRunner.invokeTestConfigurations(TestRunner.java:617)
at org.testng.TestRunner.beforeRun(TestRunner.java:607)
at org.testng.TestRunner.run(TestRunner.java:578)
at org.testng.SuiteRunner.runTest(SuiteRunner.java:384)
at org.testng.SuiteRunner.runSequentially(SuiteRunner.java:378)
at org.testng.SuiteRunner.privateRun(SuiteRunner.java:337)
at org.testng.SuiteRunner.run(SuiteRunner.java:286)
at org.testng.SuiteRunnerWorker.runSuite(SuiteRunnerWorker.java:53)
at org.testng.SuiteRunnerWorker.run(SuiteRunnerWorker.java:96)
at org.testng.TestNG.runSuitesSequentially(TestNG.java:1218)
at org.testng.TestNG.runSuitesLocally(TestNG.java:1140)
at org.testng.TestNG.runSuites(TestNG.java:1069)
at org.testng.TestNG.run(TestNG.java:1037)
at org.testng.remote.AbstractRemoteTestNG.run(AbstractRemoteTestNG.java:115)
at org.testng.remote.RemoteTestNG.initAndRun(RemoteTestNG.java:251)
at org.testng.remote.RemoteTestNG.main(RemoteTestNG.java:77)
]]>
            </full-stacktrace>
          </exception> <!-- org.openqa.selenium.SessionNotCreatedException -->
          <reporter-output>
          </reporter-output>
        </test-method> <!-- setup -->
        <test-method signature="testMethodA(java.lang.String, java.lang.String)[pri:0, instance:Parameters.ParameterByITestContextInDataprovider@f2ff811]" started-at="2021-11-04T09:46:14 CDT" name="testMethodA" data-provider="SearchProvider" finished-at="2021-11-04T09:46:14 CDT" duration-ms="0" status="SKIP">
          <params>
            <param index="0">
              <value>
                <![CDATA[Guru99]]>
              </value>
            </param>
            <param index="1">
              <value>
                <![CDATA[India]]>
              </value>
            </param>
          </params>
          <exception class="org.openqa.selenium.SessionNotCreatedException">
            <message>
              <![CDATA[session not created: This version of ChromeDriver only supports Chrome version 90
Current browser version is 95.0.4638.69 with binary path C:\Program Files (x86)\Google\Chrome\Application\chrome.exe
Build info: version: '3.141.59', revision: 'e82be7d358', time: '2018-11-14T08:25:48'
System info: host: 'DESKTOP-KVJDOUS', ip: '192.168.0.8', os.name: 'Windows 10', os.arch: 'amd64', os.version: '10.0', java.version: '15.0.1'
Driver info: driver.version: ChromeDriver
remote stacktrace: Backtrace:
Ordinal0 [0x0090C013+2474003]
Ordinal0 [0x008A29C1+2042305]
Ordinal0 [0x007B2F68+1060712]
Ordinal0 [0x007D188E+1185934]
Ordinal0 [0x007CD600+1168896]
Ordinal0 [0x007CAA83+1157763]
Ordinal0 [0x007FA2A2+1352354]
Ordinal0 [0x007F8FAA+1347498]
Ordinal0 [0x007F66DB+1337051]
Ordinal0 [0x007D3427+1192999]
Ordinal0 [0x007D42EE+1196782]
Ordinal0 [0x007D4279+1196665]
GetHandleVerifier [0x00A996FC+1590332]
GetHandleVerifier [0x00B48614+2306900]
GetHandleVerifier [0x00999E93+543699]
GetHandleVerifier [0x009992CE+540686]
Ordinal0 [0x008A86BA+2066106]
Ordinal0 [0x008AD1C8+2085320]
Ordinal0 [0x008AD308+2085640]
Ordinal0 [0x008B67F3+2123763]
BaseThreadInitThunk [0x7505FA29+25]
RtlGetAppContainerNamedObjectPath [0x77167A9E+286]
RtlGetAppContainerNamedObjectPath [0x77167A6E+238]
]]>
            </message>
            <full-stacktrace>
              <![CDATA[org.openqa.selenium.SessionNotCreatedException: session not created: This version of ChromeDriver only supports Chrome version 90
Current browser version is 95.0.4638.69 with binary path C:\Program Files (x86)\Google\Chrome\Application\chrome.exe
Build info: version: '3.141.59', revision: 'e82be7d358', time: '2018-11-14T08:25:48'
System info: host: 'DESKTOP-KVJDOUS', ip: '192.168.0.8', os.name: 'Windows 10', os.arch: 'amd64', os.version: '10.0', java.version: '15.0.1'
Driver info: driver.version: ChromeDriver
remote stacktrace: Backtrace:
Ordinal0 [0x0090C013+2474003]
Ordinal0 [0x008A29C1+2042305]
Ordinal0 [0x007B2F68+1060712]
Ordinal0 [0x007D188E+1185934]
Ordinal0 [0x007CD600+1168896]
Ordinal0 [0x007CAA83+1157763]
Ordinal0 [0x007FA2A2+1352354]
Ordinal0 [0x007F8FAA+1347498]
Ordinal0 [0x007F66DB+1337051]
Ordinal0 [0x007D3427+1192999]
Ordinal0 [0x007D42EE+1196782]
Ordinal0 [0x007D4279+1196665]
GetHandleVerifier [0x00A996FC+1590332]
GetHandleVerifier [0x00B48614+2306900]
GetHandleVerifier [0x00999E93+543699]
GetHandleVerifier [0x009992CE+540686]
Ordinal0 [0x008A86BA+2066106]
Ordinal0 [0x008AD1C8+2085320]
Ordinal0 [0x008AD308+2085640]
Ordinal0 [0x008B67F3+2123763]
BaseThreadInitThunk [0x7505FA29+25]
RtlGetAppContainerNamedObjectPath [0x77167A9E+286]
RtlGetAppContainerNamedObjectPath [0x77167A6E+238]

at java.base/jdk.internal.reflect.NativeConstructorAccessorImpl.newInstance0(Native Method)
at java.base/jdk.internal.reflect.NativeConstructorAccessorImpl.newInstance(NativeConstructorAccessorImpl.java:64)
at java.base/jdk.internal.reflect.DelegatingConstructorAccessorImpl.newInstance(DelegatingConstructorAccessorImpl.java:45)
at java.base/java.lang.reflect.Constructor.newInstanceWithCaller(Constructor.java:500)
at java.base/java.lang.reflect.Constructor.newInstance(Constructor.java:481)
at org.openqa.selenium.remote.W3CHandshakeResponse.lambda$errorHandler$0(W3CHandshakeResponse.java:62)
at org.openqa.selenium.remote.HandshakeResponse.lambda$getResponseFunction$0(HandshakeResponse.java:30)
at org.openqa.selenium.remote.ProtocolHandshake.lambda$createSession$0(ProtocolHandshake.java:126)
at java.base/java.util.stream.ReferencePipeline$3$1.accept(ReferencePipeline.java:195)
at java.base/java.util.Spliterators$ArraySpliterator.tryAdvance(Spliterators.java:958)
at java.base/java.util.stream.ReferencePipeline.forEachWithCancel(ReferencePipeline.java:127)
at java.base/java.util.stream.AbstractPipeline.copyIntoWithCancel(AbstractPipeline.java:502)
at java.base/java.util.stream.AbstractPipeline.copyInto(AbstractPipeline.java:488)
at java.base/java.util.stream.AbstractPipeline.wrapAndCopyInto(AbstractPipeline.java:474)
at java.base/java.util.stream.FindOps$FindOp.evaluateSequential(FindOps.java:150)
at java.base/java.util.stream.AbstractPipeline.evaluate(AbstractPipeline.java:234)
at java.base/java.util.stream.ReferencePipeline.findFirst(ReferencePipeline.java:543)
at org.openqa.selenium.remote.ProtocolHandshake.createSession(ProtocolHandshake.java:128)
at org.openqa.selenium.remote.ProtocolHandshake.createSession(ProtocolHandshake.java:74)
at org.openqa.selenium.remote.HttpCommandExecutor.execute(HttpCommandExecutor.java:136)
at org.openqa.selenium.remote.service.DriverCommandExecutor.execute(DriverCommandExecutor.java:83)
at org.openqa.selenium.remote.RemoteWebDriver.execute(RemoteWebDriver.java:552)
at org.openqa.selenium.remote.RemoteWebDriver.startSession(RemoteWebDriver.java:213)
at org.openqa.selenium.remote.RemoteWebDriver.<init>(RemoteWebDriver.java:131)
at org.openqa.selenium.chrome.ChromeDriver.<init>(ChromeDriver.java:181)
at org.openqa.selenium.chrome.ChromeDriver.<init>(ChromeDriver.java:168)
at org.openqa.selenium.chrome.ChromeDriver.<init>(ChromeDriver.java:123)
at Parameters.ParameterByITestContextInDataprovider.setup(ParameterByITestContextInDataprovider.java:23)
at java.base/jdk.internal.reflect.NativeMethodAccessorImpl.invoke0(Native Method)
at java.base/jdk.internal.reflect.NativeMethodAccessorImpl.invoke(NativeMethodAccessorImpl.java:64)
at java.base/jdk.internal.reflect.DelegatingMethodAccessorImpl.invoke(DelegatingMethodAccessorImpl.java:43)
at java.base/java.lang.reflect.Method.invoke(Method.java:564)
at org.testng.internal.MethodInvocationHelper.invokeMethod(MethodInvocationHelper.java:132)
at org.testng.internal.MethodInvocationHelper.invokeMethodConsideringTimeout(MethodInvocationHelper.java:61)
at org.testng.internal.ConfigInvoker.invokeConfigurationMethod(ConfigInvoker.java:366)
at org.testng.internal.ConfigInvoker.invokeConfigurations(ConfigInvoker.java:320)
at org.testng.TestRunner.invokeTestConfigurations(TestRunner.java:617)
at org.testng.TestRunner.beforeRun(TestRunner.java:607)
at org.testng.TestRunner.run(TestRunner.java:578)
at org.testng.SuiteRunner.runTest(SuiteRunner.java:384)
at org.testng.SuiteRunner.runSequentially(SuiteRunner.java:378)
at org.testng.SuiteRunner.privateRun(SuiteRunner.java:337)
at org.testng.SuiteRunner.run(SuiteRunner.java:286)
at org.testng.SuiteRunnerWorker.runSuite(SuiteRunnerWorker.java:53)
at org.testng.SuiteRunnerWorker.run(SuiteRunnerWorker.java:96)
at org.testng.TestNG.runSuitesSequentially(TestNG.java:1218)
at org.testng.TestNG.runSuitesLocally(TestNG.java:1140)
at org.testng.TestNG.runSuites(TestNG.java:1069)
at org.testng.TestNG.run(TestNG.java:1037)
at org.testng.remote.AbstractRemoteTestNG.run(AbstractRemoteTestNG.java:115)
at org.testng.remote.RemoteTestNG.initAndRun(RemoteTestNG.java:251)
at org.testng.remote.RemoteTestNG.main(RemoteTestNG.java:77)
]]>
            </full-stacktrace>
          </exception> <!-- org.openqa.selenium.SessionNotCreatedException -->
          <reporter-output>
          </reporter-output>
        </test-method> <!-- testMethodA -->
        <test-method signature="testMethodA(java.lang.String, java.lang.String)[pri:0, instance:Parameters.ParameterByITestContextInDataprovider@f2ff811]" started-at="2021-11-04T09:46:14 CDT" name="testMethodA" data-provider="SearchProvider" finished-at="2021-11-04T09:46:14 CDT" duration-ms="0" status="SKIP">
          <params>
            <param index="0">
              <value>
                <![CDATA[Krishna]]>
              </value>
            </param>
            <param index="1">
              <value>
                <![CDATA[UK]]>
              </value>
            </param>
          </params>
          <exception class="org.openqa.selenium.SessionNotCreatedException">
            <message>
              <![CDATA[session not created: This version of ChromeDriver only supports Chrome version 90
Current browser version is 95.0.4638.69 with binary path C:\Program Files (x86)\Google\Chrome\Application\chrome.exe
Build info: version: '3.141.59', revision: 'e82be7d358', time: '2018-11-14T08:25:48'
System info: host: 'DESKTOP-KVJDOUS', ip: '192.168.0.8', os.name: 'Windows 10', os.arch: 'amd64', os.version: '10.0', java.version: '15.0.1'
Driver info: driver.version: ChromeDriver
remote stacktrace: Backtrace:
Ordinal0 [0x0090C013+2474003]
Ordinal0 [0x008A29C1+2042305]
Ordinal0 [0x007B2F68+1060712]
Ordinal0 [0x007D188E+1185934]
Ordinal0 [0x007CD600+1168896]
Ordinal0 [0x007CAA83+1157763]
Ordinal0 [0x007FA2A2+1352354]
Ordinal0 [0x007F8FAA+1347498]
Ordinal0 [0x007F66DB+1337051]
Ordinal0 [0x007D3427+1192999]
Ordinal0 [0x007D42EE+1196782]
Ordinal0 [0x007D4279+1196665]
GetHandleVerifier [0x00A996FC+1590332]
GetHandleVerifier [0x00B48614+2306900]
GetHandleVerifier [0x00999E93+543699]
GetHandleVerifier [0x009992CE+540686]
Ordinal0 [0x008A86BA+2066106]
Ordinal0 [0x008AD1C8+2085320]
Ordinal0 [0x008AD308+2085640]
Ordinal0 [0x008B67F3+2123763]
BaseThreadInitThunk [0x7505FA29+25]
RtlGetAppContainerNamedObjectPath [0x77167A9E+286]
RtlGetAppContainerNamedObjectPath [0x77167A6E+238]
]]>
            </message>
            <full-stacktrace>
              <![CDATA[org.openqa.selenium.SessionNotCreatedException: session not created: This version of ChromeDriver only supports Chrome version 90
Current browser version is 95.0.4638.69 with binary path C:\Program Files (x86)\Google\Chrome\Application\chrome.exe
Build info: version: '3.141.59', revision: 'e82be7d358', time: '2018-11-14T08:25:48'
System info: host: 'DESKTOP-KVJDOUS', ip: '192.168.0.8', os.name: 'Windows 10', os.arch: 'amd64', os.version: '10.0', java.version: '15.0.1'
Driver info: driver.version: ChromeDriver
remote stacktrace: Backtrace:
Ordinal0 [0x0090C013+2474003]
Ordinal0 [0x008A29C1+2042305]
Ordinal0 [0x007B2F68+1060712]
Ordinal0 [0x007D188E+1185934]
Ordinal0 [0x007CD600+1168896]
Ordinal0 [0x007CAA83+1157763]
Ordinal0 [0x007FA2A2+1352354]
Ordinal0 [0x007F8FAA+1347498]
Ordinal0 [0x007F66DB+1337051]
Ordinal0 [0x007D3427+1192999]
Ordinal0 [0x007D42EE+1196782]
Ordinal0 [0x007D4279+1196665]
GetHandleVerifier [0x00A996FC+1590332]
GetHandleVerifier [0x00B48614+2306900]
GetHandleVerifier [0x00999E93+543699]
GetHandleVerifier [0x009992CE+540686]
Ordinal0 [0x008A86BA+2066106]
Ordinal0 [0x008AD1C8+2085320]
Ordinal0 [0x008AD308+2085640]
Ordinal0 [0x008B67F3+2123763]
BaseThreadInitThunk [0x7505FA29+25]
RtlGetAppContainerNamedObjectPath [0x77167A9E+286]
RtlGetAppContainerNamedObjectPath [0x77167A6E+238]

at java.base/jdk.internal.reflect.NativeConstructorAccessorImpl.newInstance0(Native Method)
at java.base/jdk.internal.reflect.NativeConstructorAccessorImpl.newInstance(NativeConstructorAccessorImpl.java:64)
at java.base/jdk.internal.reflect.DelegatingConstructorAccessorImpl.newInstance(DelegatingConstructorAccessorImpl.java:45)
at java.base/java.lang.reflect.Constructor.newInstanceWithCaller(Constructor.java:500)
at java.base/java.lang.reflect.Constructor.newInstance(Constructor.java:481)
at org.openqa.selenium.remote.W3CHandshakeResponse.lambda$errorHandler$0(W3CHandshakeResponse.java:62)
at org.openqa.selenium.remote.HandshakeResponse.lambda$getResponseFunction$0(HandshakeResponse.java:30)
at org.openqa.selenium.remote.ProtocolHandshake.lambda$createSession$0(ProtocolHandshake.java:126)
at java.base/java.util.stream.ReferencePipeline$3$1.accept(ReferencePipeline.java:195)
at java.base/java.util.Spliterators$ArraySpliterator.tryAdvance(Spliterators.java:958)
at java.base/java.util.stream.ReferencePipeline.forEachWithCancel(ReferencePipeline.java:127)
at java.base/java.util.stream.AbstractPipeline.copyIntoWithCancel(AbstractPipeline.java:502)
at java.base/java.util.stream.AbstractPipeline.copyInto(AbstractPipeline.java:488)
at java.base/java.util.stream.AbstractPipeline.wrapAndCopyInto(AbstractPipeline.java:474)
at java.base/java.util.stream.FindOps$FindOp.evaluateSequential(FindOps.java:150)
at java.base/java.util.stream.AbstractPipeline.evaluate(AbstractPipeline.java:234)
at java.base/java.util.stream.ReferencePipeline.findFirst(ReferencePipeline.java:543)
at org.openqa.selenium.remote.ProtocolHandshake.createSession(ProtocolHandshake.java:128)
at org.openqa.selenium.remote.ProtocolHandshake.createSession(ProtocolHandshake.java:74)
at org.openqa.selenium.remote.HttpCommandExecutor.execute(HttpCommandExecutor.java:136)
at org.openqa.selenium.remote.service.DriverCommandExecutor.execute(DriverCommandExecutor.java:83)
at org.openqa.selenium.remote.RemoteWebDriver.execute(RemoteWebDriver.java:552)
at org.openqa.selenium.remote.RemoteWebDriver.startSession(RemoteWebDriver.java:213)
at org.openqa.selenium.remote.RemoteWebDriver.<init>(RemoteWebDriver.java:131)
at org.openqa.selenium.chrome.ChromeDriver.<init>(ChromeDriver.java:181)
at org.openqa.selenium.chrome.ChromeDriver.<init>(ChromeDriver.java:168)
at org.openqa.selenium.chrome.ChromeDriver.<init>(ChromeDriver.java:123)
at Parameters.ParameterByITestContextInDataprovider.setup(ParameterByITestContextInDataprovider.java:23)
at java.base/jdk.internal.reflect.NativeMethodAccessorImpl.invoke0(Native Method)
at java.base/jdk.internal.reflect.NativeMethodAccessorImpl.invoke(NativeMethodAccessorImpl.java:64)
at java.base/jdk.internal.reflect.DelegatingMethodAccessorImpl.invoke(DelegatingMethodAccessorImpl.java:43)
at java.base/java.lang.reflect.Method.invoke(Method.java:564)
at org.testng.internal.MethodInvocationHelper.invokeMethod(MethodInvocationHelper.java:132)
at org.testng.internal.MethodInvocationHelper.invokeMethodConsideringTimeout(MethodInvocationHelper.java:61)
at org.testng.internal.ConfigInvoker.invokeConfigurationMethod(ConfigInvoker.java:366)
at org.testng.internal.ConfigInvoker.invokeConfigurations(ConfigInvoker.java:320)
at org.testng.TestRunner.invokeTestConfigurations(TestRunner.java:617)
at org.testng.TestRunner.beforeRun(TestRunner.java:607)
at org.testng.TestRunner.run(TestRunner.java:578)
at org.testng.SuiteRunner.runTest(SuiteRunner.java:384)
at org.testng.SuiteRunner.runSequentially(SuiteRunner.java:378)
at org.testng.SuiteRunner.privateRun(SuiteRunner.java:337)
at org.testng.SuiteRunner.run(SuiteRunner.java:286)
at org.testng.SuiteRunnerWorker.runSuite(SuiteRunnerWorker.java:53)
at org.testng.SuiteRunnerWorker.run(SuiteRunnerWorker.java:96)
at org.testng.TestNG.runSuitesSequentially(TestNG.java:1218)
at org.testng.TestNG.runSuitesLocally(TestNG.java:1140)
at org.testng.TestNG.runSuites(TestNG.java:1069)
at org.testng.TestNG.run(TestNG.java:1037)
at org.testng.remote.AbstractRemoteTestNG.run(AbstractRemoteTestNG.java:115)
at org.testng.remote.RemoteTestNG.initAndRun(RemoteTestNG.java:251)
at org.testng.remote.RemoteTestNG.main(RemoteTestNG.java:77)
]]>
            </full-stacktrace>
          </exception> <!-- org.openqa.selenium.SessionNotCreatedException -->
          <reporter-output>
          </reporter-output>
        </test-method> <!-- testMethodA -->
        <test-method signature="testMethodA(java.lang.String, java.lang.String)[pri:0, instance:Parameters.ParameterByITestContextInDataprovider@f2ff811]" started-at="2021-11-04T09:46:14 CDT" name="testMethodA" data-provider="SearchProvider" finished-at="2021-11-04T09:46:14 CDT" duration-ms="0" status="SKIP">
          <params>
            <param index="0">
              <value>
                <![CDATA[Bhupesh]]>
              </value>
            </param>
            <param index="1">
              <value>
                <![CDATA[USA]]>
              </value>
            </param>
          </params>
          <exception class="org.openqa.selenium.SessionNotCreatedException">
            <message>
              <![CDATA[session not created: This version of ChromeDriver only supports Chrome version 90
Current browser version is 95.0.4638.69 with binary path C:\Program Files (x86)\Google\Chrome\Application\chrome.exe
Build info: version: '3.141.59', revision: 'e82be7d358', time: '2018-11-14T08:25:48'
System info: host: 'DESKTOP-KVJDOUS', ip: '192.168.0.8', os.name: 'Windows 10', os.arch: 'amd64', os.version: '10.0', java.version: '15.0.1'
Driver info: driver.version: ChromeDriver
remote stacktrace: Backtrace:
Ordinal0 [0x0090C013+2474003]
Ordinal0 [0x008A29C1+2042305]
Ordinal0 [0x007B2F68+1060712]
Ordinal0 [0x007D188E+1185934]
Ordinal0 [0x007CD600+1168896]
Ordinal0 [0x007CAA83+1157763]
Ordinal0 [0x007FA2A2+1352354]
Ordinal0 [0x007F8FAA+1347498]
Ordinal0 [0x007F66DB+1337051]
Ordinal0 [0x007D3427+1192999]
Ordinal0 [0x007D42EE+1196782]
Ordinal0 [0x007D4279+1196665]
GetHandleVerifier [0x00A996FC+1590332]
GetHandleVerifier [0x00B48614+2306900]
GetHandleVerifier [0x00999E93+543699]
GetHandleVerifier [0x009992CE+540686]
Ordinal0 [0x008A86BA+2066106]
Ordinal0 [0x008AD1C8+2085320]
Ordinal0 [0x008AD308+2085640]
Ordinal0 [0x008B67F3+2123763]
BaseThreadInitThunk [0x7505FA29+25]
RtlGetAppContainerNamedObjectPath [0x77167A9E+286]
RtlGetAppContainerNamedObjectPath [0x77167A6E+238]
]]>
            </message>
            <full-stacktrace>
              <![CDATA[org.openqa.selenium.SessionNotCreatedException: session not created: This version of ChromeDriver only supports Chrome version 90
Current browser version is 95.0.4638.69 with binary path C:\Program Files (x86)\Google\Chrome\Application\chrome.exe
Build info: version: '3.141.59', revision: 'e82be7d358', time: '2018-11-14T08:25:48'
System info: host: 'DESKTOP-KVJDOUS', ip: '192.168.0.8', os.name: 'Windows 10', os.arch: 'amd64', os.version: '10.0', java.version: '15.0.1'
Driver info: driver.version: ChromeDriver
remote stacktrace: Backtrace:
Ordinal0 [0x0090C013+2474003]
Ordinal0 [0x008A29C1+2042305]
Ordinal0 [0x007B2F68+1060712]
Ordinal0 [0x007D188E+1185934]
Ordinal0 [0x007CD600+1168896]
Ordinal0 [0x007CAA83+1157763]
Ordinal0 [0x007FA2A2+1352354]
Ordinal0 [0x007F8FAA+1347498]
Ordinal0 [0x007F66DB+1337051]
Ordinal0 [0x007D3427+1192999]
Ordinal0 [0x007D42EE+1196782]
Ordinal0 [0x007D4279+1196665]
GetHandleVerifier [0x00A996FC+1590332]
GetHandleVerifier [0x00B48614+2306900]
GetHandleVerifier [0x00999E93+543699]
GetHandleVerifier [0x009992CE+540686]
Ordinal0 [0x008A86BA+2066106]
Ordinal0 [0x008AD1C8+2085320]
Ordinal0 [0x008AD308+2085640]
Ordinal0 [0x008B67F3+2123763]
BaseThreadInitThunk [0x7505FA29+25]
RtlGetAppContainerNamedObjectPath [0x77167A9E+286]
RtlGetAppContainerNamedObjectPath [0x77167A6E+238]

at java.base/jdk.internal.reflect.NativeConstructorAccessorImpl.newInstance0(Native Method)
at java.base/jdk.internal.reflect.NativeConstructorAccessorImpl.newInstance(NativeConstructorAccessorImpl.java:64)
at java.base/jdk.internal.reflect.DelegatingConstructorAccessorImpl.newInstance(DelegatingConstructorAccessorImpl.java:45)
at java.base/java.lang.reflect.Constructor.newInstanceWithCaller(Constructor.java:500)
at java.base/java.lang.reflect.Constructor.newInstance(Constructor.java:481)
at org.openqa.selenium.remote.W3CHandshakeResponse.lambda$errorHandler$0(W3CHandshakeResponse.java:62)
at org.openqa.selenium.remote.HandshakeResponse.lambda$getResponseFunction$0(HandshakeResponse.java:30)
at org.openqa.selenium.remote.ProtocolHandshake.lambda$createSession$0(ProtocolHandshake.java:126)
at java.base/java.util.stream.ReferencePipeline$3$1.accept(ReferencePipeline.java:195)
at java.base/java.util.Spliterators$ArraySpliterator.tryAdvance(Spliterators.java:958)
at java.base/java.util.stream.ReferencePipeline.forEachWithCancel(ReferencePipeline.java:127)
at java.base/java.util.stream.AbstractPipeline.copyIntoWithCancel(AbstractPipeline.java:502)
at java.base/java.util.stream.AbstractPipeline.copyInto(AbstractPipeline.java:488)
at java.base/java.util.stream.AbstractPipeline.wrapAndCopyInto(AbstractPipeline.java:474)
at java.base/java.util.stream.FindOps$FindOp.evaluateSequential(FindOps.java:150)
at java.base/java.util.stream.AbstractPipeline.evaluate(AbstractPipeline.java:234)
at java.base/java.util.stream.ReferencePipeline.findFirst(ReferencePipeline.java:543)
at org.openqa.selenium.remote.ProtocolHandshake.createSession(ProtocolHandshake.java:128)
at org.openqa.selenium.remote.ProtocolHandshake.createSession(ProtocolHandshake.java:74)
at org.openqa.selenium.remote.HttpCommandExecutor.execute(HttpCommandExecutor.java:136)
at org.openqa.selenium.remote.service.DriverCommandExecutor.execute(DriverCommandExecutor.java:83)
at org.openqa.selenium.remote.RemoteWebDriver.execute(RemoteWebDriver.java:552)
at org.openqa.selenium.remote.RemoteWebDriver.startSession(RemoteWebDriver.java:213)
at org.openqa.selenium.remote.RemoteWebDriver.<init>(RemoteWebDriver.java:131)
at org.openqa.selenium.chrome.ChromeDriver.<init>(ChromeDriver.java:181)
at org.openqa.selenium.chrome.ChromeDriver.<init>(ChromeDriver.java:168)
at org.openqa.selenium.chrome.ChromeDriver.<init>(ChromeDriver.java:123)
at Parameters.ParameterByITestContextInDataprovider.setup(ParameterByITestContextInDataprovider.java:23)
at java.base/jdk.internal.reflect.NativeMethodAccessorImpl.invoke0(Native Method)
at java.base/jdk.internal.reflect.NativeMethodAccessorImpl.invoke(NativeMethodAccessorImpl.java:64)
at java.base/jdk.internal.reflect.DelegatingMethodAccessorImpl.invoke(DelegatingMethodAccessorImpl.java:43)
at java.base/java.lang.reflect.Method.invoke(Method.java:564)
at org.testng.internal.MethodInvocationHelper.invokeMethod(MethodInvocationHelper.java:132)
at org.testng.internal.MethodInvocationHelper.invokeMethodConsideringTimeout(MethodInvocationHelper.java:61)
at org.testng.internal.ConfigInvoker.invokeConfigurationMethod(ConfigInvoker.java:366)
at org.testng.internal.ConfigInvoker.invokeConfigurations(ConfigInvoker.java:320)
at org.testng.TestRunner.invokeTestConfigurations(TestRunner.java:617)
at org.testng.TestRunner.beforeRun(TestRunner.java:607)
at org.testng.TestRunner.run(TestRunner.java:578)
at org.testng.SuiteRunner.runTest(SuiteRunner.java:384)
at org.testng.SuiteRunner.runSequentially(SuiteRunner.java:378)
at org.testng.SuiteRunner.privateRun(SuiteRunner.java:337)
at org.testng.SuiteRunner.run(SuiteRunner.java:286)
at org.testng.SuiteRunnerWorker.runSuite(SuiteRunnerWorker.java:53)
at org.testng.SuiteRunnerWorker.run(SuiteRunnerWorker.java:96)
at org.testng.TestNG.runSuitesSequentially(TestNG.java:1218)
at org.testng.TestNG.runSuitesLocally(TestNG.java:1140)
at org.testng.TestNG.runSuites(TestNG.java:1069)
at org.testng.TestNG.run(TestNG.java:1037)
at org.testng.remote.AbstractRemoteTestNG.run(AbstractRemoteTestNG.java:115)
at org.testng.remote.RemoteTestNG.initAndRun(RemoteTestNG.java:251)
at org.testng.remote.RemoteTestNG.main(RemoteTestNG.java:77)
]]>
            </full-stacktrace>
          </exception> <!-- org.openqa.selenium.SessionNotCreatedException -->
          <reporter-output>
          </reporter-output>
        </test-method> <!-- testMethodA -->
      </class> <!-- Parameters.ParameterByITestContextInDataprovider -->
    </test> <!-- TestA -->
    <test started-at="2021-11-04T09:46:14 CDT" name="TestB" finished-at="2021-11-04T09:46:15 CDT" duration-ms="1464">
      <class name="Parameters.ParameterByITestContextInDataprovider">
        <test-method is-config="true" signature="setup()[pri:0, instance:Parameters.ParameterByITestContextInDataprovider@2525ff7e]" started-at="2021-11-04T09:46:14 CDT" name="setup" finished-at="2021-11-04T09:46:15 CDT" duration-ms="1412" status="FAIL">
          <exception class="org.openqa.selenium.SessionNotCreatedException">
            <message>
              <![CDATA[session not created: This version of ChromeDriver only supports Chrome version 90
Current browser version is 95.0.4638.69 with binary path C:\Program Files (x86)\Google\Chrome\Application\chrome.exe
Build info: version: '3.141.59', revision: 'e82be7d358', time: '2018-11-14T08:25:48'
System info: host: 'DESKTOP-KVJDOUS', ip: '192.168.0.8', os.name: 'Windows 10', os.arch: 'amd64', os.version: '10.0', java.version: '15.0.1'
Driver info: driver.version: ChromeDriver
remote stacktrace: Backtrace:
Ordinal0 [0x0090C013+2474003]
Ordinal0 [0x008A29C1+2042305]
Ordinal0 [0x007B2F68+1060712]
Ordinal0 [0x007D188E+1185934]
Ordinal0 [0x007CD600+1168896]
Ordinal0 [0x007CAA83+1157763]
Ordinal0 [0x007FA2A2+1352354]
Ordinal0 [0x007F8FAA+1347498]
Ordinal0 [0x007F66DB+1337051]
Ordinal0 [0x007D3427+1192999]
Ordinal0 [0x007D42EE+1196782]
Ordinal0 [0x007D4279+1196665]
GetHandleVerifier [0x00A996FC+1590332]
GetHandleVerifier [0x00B48614+2306900]
GetHandleVerifier [0x00999E93+543699]
GetHandleVerifier [0x009992CE+540686]
Ordinal0 [0x008A86BA+2066106]
Ordinal0 [0x008AD1C8+2085320]
Ordinal0 [0x008AD308+2085640]
Ordinal0 [0x008B67F3+2123763]
BaseThreadInitThunk [0x7505FA29+25]
RtlGetAppContainerNamedObjectPath [0x77167A9E+286]
RtlGetAppContainerNamedObjectPath [0x77167A6E+238]
]]>
            </message>
            <full-stacktrace>
              <![CDATA[org.openqa.selenium.SessionNotCreatedException: session not created: This version of ChromeDriver only supports Chrome version 90
Current browser version is 95.0.4638.69 with binary path C:\Program Files (x86)\Google\Chrome\Application\chrome.exe
Build info: version: '3.141.59', revision: 'e82be7d358', time: '2018-11-14T08:25:48'
System info: host: 'DESKTOP-KVJDOUS', ip: '192.168.0.8', os.name: 'Windows 10', os.arch: 'amd64', os.version: '10.0', java.version: '15.0.1'
Driver info: driver.version: ChromeDriver
remote stacktrace: Backtrace:
Ordinal0 [0x0090C013+2474003]
Ordinal0 [0x008A29C1+2042305]
Ordinal0 [0x007B2F68+1060712]
Ordinal0 [0x007D188E+1185934]
Ordinal0 [0x007CD600+1168896]
Ordinal0 [0x007CAA83+1157763]
Ordinal0 [0x007FA2A2+1352354]
Ordinal0 [0x007F8FAA+1347498]
Ordinal0 [0x007F66DB+1337051]
Ordinal0 [0x007D3427+1192999]
Ordinal0 [0x007D42EE+1196782]
Ordinal0 [0x007D4279+1196665]
GetHandleVerifier [0x00A996FC+1590332]
GetHandleVerifier [0x00B48614+2306900]
GetHandleVerifier [0x00999E93+543699]
GetHandleVerifier [0x009992CE+540686]
Ordinal0 [0x008A86BA+2066106]
Ordinal0 [0x008AD1C8+2085320]
Ordinal0 [0x008AD308+2085640]
Ordinal0 [0x008B67F3+2123763]
BaseThreadInitThunk [0x7505FA29+25]
RtlGetAppContainerNamedObjectPath [0x77167A9E+286]
RtlGetAppContainerNamedObjectPath [0x77167A6E+238]

at java.base/jdk.internal.reflect.NativeConstructorAccessorImpl.newInstance0(Native Method)
at java.base/jdk.internal.reflect.NativeConstructorAccessorImpl.newInstance(NativeConstructorAccessorImpl.java:64)
at java.base/jdk.internal.reflect.DelegatingConstructorAccessorImpl.newInstance(DelegatingConstructorAccessorImpl.java:45)
at java.base/java.lang.reflect.Constructor.newInstanceWithCaller(Constructor.java:500)
at java.base/java.lang.reflect.Constructor.newInstance(Constructor.java:481)
at org.openqa.selenium.remote.W3CHandshakeResponse.lambda$errorHandler$0(W3CHandshakeResponse.java:62)
at org.openqa.selenium.remote.HandshakeResponse.lambda$getResponseFunction$0(HandshakeResponse.java:30)
at org.openqa.selenium.remote.ProtocolHandshake.lambda$createSession$0(ProtocolHandshake.java:126)
at java.base/java.util.stream.ReferencePipeline$3$1.accept(ReferencePipeline.java:195)
at java.base/java.util.Spliterators$ArraySpliterator.tryAdvance(Spliterators.java:958)
at java.base/java.util.stream.ReferencePipeline.forEachWithCancel(ReferencePipeline.java:127)
at java.base/java.util.stream.AbstractPipeline.copyIntoWithCancel(AbstractPipeline.java:502)
at java.base/java.util.stream.AbstractPipeline.copyInto(AbstractPipeline.java:488)
at java.base/java.util.stream.AbstractPipeline.wrapAndCopyInto(AbstractPipeline.java:474)
at java.base/java.util.stream.FindOps$FindOp.evaluateSequential(FindOps.java:150)
at java.base/java.util.stream.AbstractPipeline.evaluate(AbstractPipeline.java:234)
at java.base/java.util.stream.ReferencePipeline.findFirst(ReferencePipeline.java:543)
at org.openqa.selenium.remote.ProtocolHandshake.createSession(ProtocolHandshake.java:128)
at org.openqa.selenium.remote.ProtocolHandshake.createSession(ProtocolHandshake.java:74)
at org.openqa.selenium.remote.HttpCommandExecutor.execute(HttpCommandExecutor.java:136)
at org.openqa.selenium.remote.service.DriverCommandExecutor.execute(DriverCommandExecutor.java:83)
at org.openqa.selenium.remote.RemoteWebDriver.execute(RemoteWebDriver.java:552)
at org.openqa.selenium.remote.RemoteWebDriver.startSession(RemoteWebDriver.java:213)
at org.openqa.selenium.remote.RemoteWebDriver.<init>(RemoteWebDriver.java:131)
at org.openqa.selenium.chrome.ChromeDriver.<init>(ChromeDriver.java:181)
at org.openqa.selenium.chrome.ChromeDriver.<init>(ChromeDriver.java:168)
at org.openqa.selenium.chrome.ChromeDriver.<init>(ChromeDriver.java:123)
at Parameters.ParameterByITestContextInDataprovider.setup(ParameterByITestContextInDataprovider.java:23)
at java.base/jdk.internal.reflect.NativeMethodAccessorImpl.invoke0(Native Method)
at java.base/jdk.internal.reflect.NativeMethodAccessorImpl.invoke(NativeMethodAccessorImpl.java:64)
at java.base/jdk.internal.reflect.DelegatingMethodAccessorImpl.invoke(DelegatingMethodAccessorImpl.java:43)
at java.base/java.lang.reflect.Method.invoke(Method.java:564)
at org.testng.internal.MethodInvocationHelper.invokeMethod(MethodInvocationHelper.java:132)
at org.testng.internal.MethodInvocationHelper.invokeMethodConsideringTimeout(MethodInvocationHelper.java:61)
at org.testng.internal.ConfigInvoker.invokeConfigurationMethod(ConfigInvoker.java:366)
at org.testng.internal.ConfigInvoker.invokeConfigurations(ConfigInvoker.java:320)
at org.testng.TestRunner.invokeTestConfigurations(TestRunner.java:617)
at org.testng.TestRunner.beforeRun(TestRunner.java:607)
at org.testng.TestRunner.run(TestRunner.java:578)
at org.testng.SuiteRunner.runTest(SuiteRunner.java:384)
at org.testng.SuiteRunner.runSequentially(SuiteRunner.java:378)
at org.testng.SuiteRunner.privateRun(SuiteRunner.java:337)
at org.testng.SuiteRunner.run(SuiteRunner.java:286)
at org.testng.SuiteRunnerWorker.runSuite(SuiteRunnerWorker.java:53)
at org.testng.SuiteRunnerWorker.run(SuiteRunnerWorker.java:96)
at org.testng.TestNG.runSuitesSequentially(TestNG.java:1218)
at org.testng.TestNG.runSuitesLocally(TestNG.java:1140)
at org.testng.TestNG.runSuites(TestNG.java:1069)
at org.testng.TestNG.run(TestNG.java:1037)
at org.testng.remote.AbstractRemoteTestNG.run(AbstractRemoteTestNG.java:115)
at org.testng.remote.RemoteTestNG.initAndRun(RemoteTestNG.java:251)
at org.testng.remote.RemoteTestNG.main(RemoteTestNG.java:77)
]]>
            </full-stacktrace>
          </exception> <!-- org.openqa.selenium.SessionNotCreatedException -->
          <reporter-output>
          </reporter-output>
        </test-method> <!-- setup -->
        <test-method signature="testMethodB(java.lang.String)[pri:0, instance:Parameters.ParameterByITestContextInDataprovider@2525ff7e]" started-at="2021-11-04T09:46:15 CDT" name="testMethodB" data-provider="SearchProvider" finished-at="2021-11-04T09:46:15 CDT" duration-ms="0" status="SKIP">
          <params>
            <param index="0">
              <value>
                <![CDATA[Canada]]>
              </value>
            </param>
          </params>
          <exception class="org.openqa.selenium.SessionNotCreatedException">
            <message>
              <![CDATA[session not created: This version of ChromeDriver only supports Chrome version 90
Current browser version is 95.0.4638.69 with binary path C:\Program Files (x86)\Google\Chrome\Application\chrome.exe
Build info: version: '3.141.59', revision: 'e82be7d358', time: '2018-11-14T08:25:48'
System info: host: 'DESKTOP-KVJDOUS', ip: '192.168.0.8', os.name: 'Windows 10', os.arch: 'amd64', os.version: '10.0', java.version: '15.0.1'
Driver info: driver.version: ChromeDriver
remote stacktrace: Backtrace:
Ordinal0 [0x0090C013+2474003]
Ordinal0 [0x008A29C1+2042305]
Ordinal0 [0x007B2F68+1060712]
Ordinal0 [0x007D188E+1185934]
Ordinal0 [0x007CD600+1168896]
Ordinal0 [0x007CAA83+1157763]
Ordinal0 [0x007FA2A2+1352354]
Ordinal0 [0x007F8FAA+1347498]
Ordinal0 [0x007F66DB+1337051]
Ordinal0 [0x007D3427+1192999]
Ordinal0 [0x007D42EE+1196782]
Ordinal0 [0x007D4279+1196665]
GetHandleVerifier [0x00A996FC+1590332]
GetHandleVerifier [0x00B48614+2306900]
GetHandleVerifier [0x00999E93+543699]
GetHandleVerifier [0x009992CE+540686]
Ordinal0 [0x008A86BA+2066106]
Ordinal0 [0x008AD1C8+2085320]
Ordinal0 [0x008AD308+2085640]
Ordinal0 [0x008B67F3+2123763]
BaseThreadInitThunk [0x7505FA29+25]
RtlGetAppContainerNamedObjectPath [0x77167A9E+286]
RtlGetAppContainerNamedObjectPath [0x77167A6E+238]
]]>
            </message>
            <full-stacktrace>
              <![CDATA[org.openqa.selenium.SessionNotCreatedException: session not created: This version of ChromeDriver only supports Chrome version 90
Current browser version is 95.0.4638.69 with binary path C:\Program Files (x86)\Google\Chrome\Application\chrome.exe
Build info: version: '3.141.59', revision: 'e82be7d358', time: '2018-11-14T08:25:48'
System info: host: 'DESKTOP-KVJDOUS', ip: '192.168.0.8', os.name: 'Windows 10', os.arch: 'amd64', os.version: '10.0', java.version: '15.0.1'
Driver info: driver.version: ChromeDriver
remote stacktrace: Backtrace:
Ordinal0 [0x0090C013+2474003]
Ordinal0 [0x008A29C1+2042305]
Ordinal0 [0x007B2F68+1060712]
Ordinal0 [0x007D188E+1185934]
Ordinal0 [0x007CD600+1168896]
Ordinal0 [0x007CAA83+1157763]
Ordinal0 [0x007FA2A2+1352354]
Ordinal0 [0x007F8FAA+1347498]
Ordinal0 [0x007F66DB+1337051]
Ordinal0 [0x007D3427+1192999]
Ordinal0 [0x007D42EE+1196782]
Ordinal0 [0x007D4279+1196665]
GetHandleVerifier [0x00A996FC+1590332]
GetHandleVerifier [0x00B48614+2306900]
GetHandleVerifier [0x00999E93+543699]
GetHandleVerifier [0x009992CE+540686]
Ordinal0 [0x008A86BA+2066106]
Ordinal0 [0x008AD1C8+2085320]
Ordinal0 [0x008AD308+2085640]
Ordinal0 [0x008B67F3+2123763]
BaseThreadInitThunk [0x7505FA29+25]
RtlGetAppContainerNamedObjectPath [0x77167A9E+286]
RtlGetAppContainerNamedObjectPath [0x77167A6E+238]

at java.base/jdk.internal.reflect.NativeConstructorAccessorImpl.newInstance0(Native Method)
at java.base/jdk.internal.reflect.NativeConstructorAccessorImpl.newInstance(NativeConstructorAccessorImpl.java:64)
at java.base/jdk.internal.reflect.DelegatingConstructorAccessorImpl.newInstance(DelegatingConstructorAccessorImpl.java:45)
at java.base/java.lang.reflect.Constructor.newInstanceWithCaller(Constructor.java:500)
at java.base/java.lang.reflect.Constructor.newInstance(Constructor.java:481)
at org.openqa.selenium.remote.W3CHandshakeResponse.lambda$errorHandler$0(W3CHandshakeResponse.java:62)
at org.openqa.selenium.remote.HandshakeResponse.lambda$getResponseFunction$0(HandshakeResponse.java:30)
at org.openqa.selenium.remote.ProtocolHandshake.lambda$createSession$0(ProtocolHandshake.java:126)
at java.base/java.util.stream.ReferencePipeline$3$1.accept(ReferencePipeline.java:195)
at java.base/java.util.Spliterators$ArraySpliterator.tryAdvance(Spliterators.java:958)
at java.base/java.util.stream.ReferencePipeline.forEachWithCancel(ReferencePipeline.java:127)
at java.base/java.util.stream.AbstractPipeline.copyIntoWithCancel(AbstractPipeline.java:502)
at java.base/java.util.stream.AbstractPipeline.copyInto(AbstractPipeline.java:488)
at java.base/java.util.stream.AbstractPipeline.wrapAndCopyInto(AbstractPipeline.java:474)
at java.base/java.util.stream.FindOps$FindOp.evaluateSequential(FindOps.java:150)
at java.base/java.util.stream.AbstractPipeline.evaluate(AbstractPipeline.java:234)
at java.base/java.util.stream.ReferencePipeline.findFirst(ReferencePipeline.java:543)
at org.openqa.selenium.remote.ProtocolHandshake.createSession(ProtocolHandshake.java:128)
at org.openqa.selenium.remote.ProtocolHandshake.createSession(ProtocolHandshake.java:74)
at org.openqa.selenium.remote.HttpCommandExecutor.execute(HttpCommandExecutor.java:136)
at org.openqa.selenium.remote.service.DriverCommandExecutor.execute(DriverCommandExecutor.java:83)
at org.openqa.selenium.remote.RemoteWebDriver.execute(RemoteWebDriver.java:552)
at org.openqa.selenium.remote.RemoteWebDriver.startSession(RemoteWebDriver.java:213)
at org.openqa.selenium.remote.RemoteWebDriver.<init>(RemoteWebDriver.java:131)
at org.openqa.selenium.chrome.ChromeDriver.<init>(ChromeDriver.java:181)
at org.openqa.selenium.chrome.ChromeDriver.<init>(ChromeDriver.java:168)
at org.openqa.selenium.chrome.ChromeDriver.<init>(ChromeDriver.java:123)
at Parameters.ParameterByITestContextInDataprovider.setup(ParameterByITestContextInDataprovider.java:23)
at java.base/jdk.internal.reflect.NativeMethodAccessorImpl.invoke0(Native Method)
at java.base/jdk.internal.reflect.NativeMethodAccessorImpl.invoke(NativeMethodAccessorImpl.java:64)
at java.base/jdk.internal.reflect.DelegatingMethodAccessorImpl.invoke(DelegatingMethodAccessorImpl.java:43)
at java.base/java.lang.reflect.Method.invoke(Method.java:564)
at org.testng.internal.MethodInvocationHelper.invokeMethod(MethodInvocationHelper.java:132)
at org.testng.internal.MethodInvocationHelper.invokeMethodConsideringTimeout(MethodInvocationHelper.java:61)
at org.testng.internal.ConfigInvoker.invokeConfigurationMethod(ConfigInvoker.java:366)
at org.testng.internal.ConfigInvoker.invokeConfigurations(ConfigInvoker.java:320)
at org.testng.TestRunner.invokeTestConfigurations(TestRunner.java:617)
at org.testng.TestRunner.beforeRun(TestRunner.java:607)
at org.testng.TestRunner.run(TestRunner.java:578)
at org.testng.SuiteRunner.runTest(SuiteRunner.java:384)
at org.testng.SuiteRunner.runSequentially(SuiteRunner.java:378)
at org.testng.SuiteRunner.privateRun(SuiteRunner.java:337)
at org.testng.SuiteRunner.run(SuiteRunner.java:286)
at org.testng.SuiteRunnerWorker.runSuite(SuiteRunnerWorker.java:53)
at org.testng.SuiteRunnerWorker.run(SuiteRunnerWorker.java:96)
at org.testng.TestNG.runSuitesSequentially(TestNG.java:1218)
at org.testng.TestNG.runSuitesLocally(TestNG.java:1140)
at org.testng.TestNG.runSuites(TestNG.java:1069)
at org.testng.TestNG.run(TestNG.java:1037)
at org.testng.remote.AbstractRemoteTestNG.run(AbstractRemoteTestNG.java:115)
at org.testng.remote.RemoteTestNG.initAndRun(RemoteTestNG.java:251)
at org.testng.remote.RemoteTestNG.main(RemoteTestNG.java:77)
]]>
            </full-stacktrace>
          </exception> <!-- org.openqa.selenium.SessionNotCreatedException -->
          <reporter-output>
          </reporter-output>
        </test-method> <!-- testMethodB -->
        <test-method signature="testMethodB(java.lang.String)[pri:0, instance:Parameters.ParameterByITestContextInDataprovider@2525ff7e]" started-at="2021-11-04T09:46:15 CDT" name="testMethodB" data-provider="SearchProvider" finished-at="2021-11-04T09:46:15 CDT" duration-ms="0" status="SKIP">
          <params>
            <param index="0">
              <value>
                <![CDATA[Russia]]>
              </value>
            </param>
          </params>
          <exception class="org.openqa.selenium.SessionNotCreatedException">
            <message>
              <![CDATA[session not created: This version of ChromeDriver only supports Chrome version 90
Current browser version is 95.0.4638.69 with binary path C:\Program Files (x86)\Google\Chrome\Application\chrome.exe
Build info: version: '3.141.59', revision: 'e82be7d358', time: '2018-11-14T08:25:48'
System info: host: 'DESKTOP-KVJDOUS', ip: '192.168.0.8', os.name: 'Windows 10', os.arch: 'amd64', os.version: '10.0', java.version: '15.0.1'
Driver info: driver.version: ChromeDriver
remote stacktrace: Backtrace:
Ordinal0 [0x0090C013+2474003]
Ordinal0 [0x008A29C1+2042305]
Ordinal0 [0x007B2F68+1060712]
Ordinal0 [0x007D188E+1185934]
Ordinal0 [0x007CD600+1168896]
Ordinal0 [0x007CAA83+1157763]
Ordinal0 [0x007FA2A2+1352354]
Ordinal0 [0x007F8FAA+1347498]
Ordinal0 [0x007F66DB+1337051]
Ordinal0 [0x007D3427+1192999]
Ordinal0 [0x007D42EE+1196782]
Ordinal0 [0x007D4279+1196665]
GetHandleVerifier [0x00A996FC+1590332]
GetHandleVerifier [0x00B48614+2306900]
GetHandleVerifier [0x00999E93+543699]
GetHandleVerifier [0x009992CE+540686]
Ordinal0 [0x008A86BA+2066106]
Ordinal0 [0x008AD1C8+2085320]
Ordinal0 [0x008AD308+2085640]
Ordinal0 [0x008B67F3+2123763]
BaseThreadInitThunk [0x7505FA29+25]
RtlGetAppContainerNamedObjectPath [0x77167A9E+286]
RtlGetAppContainerNamedObjectPath [0x77167A6E+238]
]]>
            </message>
            <full-stacktrace>
              <![CDATA[org.openqa.selenium.SessionNotCreatedException: session not created: This version of ChromeDriver only supports Chrome version 90
Current browser version is 95.0.4638.69 with binary path C:\Program Files (x86)\Google\Chrome\Application\chrome.exe
Build info: version: '3.141.59', revision: 'e82be7d358', time: '2018-11-14T08:25:48'
System info: host: 'DESKTOP-KVJDOUS', ip: '192.168.0.8', os.name: 'Windows 10', os.arch: 'amd64', os.version: '10.0', java.version: '15.0.1'
Driver info: driver.version: ChromeDriver
remote stacktrace: Backtrace:
Ordinal0 [0x0090C013+2474003]
Ordinal0 [0x008A29C1+2042305]
Ordinal0 [0x007B2F68+1060712]
Ordinal0 [0x007D188E+1185934]
Ordinal0 [0x007CD600+1168896]
Ordinal0 [0x007CAA83+1157763]
Ordinal0 [0x007FA2A2+1352354]
Ordinal0 [0x007F8FAA+1347498]
Ordinal0 [0x007F66DB+1337051]
Ordinal0 [0x007D3427+1192999]
Ordinal0 [0x007D42EE+1196782]
Ordinal0 [0x007D4279+1196665]
GetHandleVerifier [0x00A996FC+1590332]
GetHandleVerifier [0x00B48614+2306900]
GetHandleVerifier [0x00999E93+543699]
GetHandleVerifier [0x009992CE+540686]
Ordinal0 [0x008A86BA+2066106]
Ordinal0 [0x008AD1C8+2085320]
Ordinal0 [0x008AD308+2085640]
Ordinal0 [0x008B67F3+2123763]
BaseThreadInitThunk [0x7505FA29+25]
RtlGetAppContainerNamedObjectPath [0x77167A9E+286]
RtlGetAppContainerNamedObjectPath [0x77167A6E+238]

at java.base/jdk.internal.reflect.NativeConstructorAccessorImpl.newInstance0(Native Method)
at java.base/jdk.internal.reflect.NativeConstructorAccessorImpl.newInstance(NativeConstructorAccessorImpl.java:64)
at java.base/jdk.internal.reflect.DelegatingConstructorAccessorImpl.newInstance(DelegatingConstructorAccessorImpl.java:45)
at java.base/java.lang.reflect.Constructor.newInstanceWithCaller(Constructor.java:500)
at java.base/java.lang.reflect.Constructor.newInstance(Constructor.java:481)
at org.openqa.selenium.remote.W3CHandshakeResponse.lambda$errorHandler$0(W3CHandshakeResponse.java:62)
at org.openqa.selenium.remote.HandshakeResponse.lambda$getResponseFunction$0(HandshakeResponse.java:30)
at org.openqa.selenium.remote.ProtocolHandshake.lambda$createSession$0(ProtocolHandshake.java:126)
at java.base/java.util.stream.ReferencePipeline$3$1.accept(ReferencePipeline.java:195)
at java.base/java.util.Spliterators$ArraySpliterator.tryAdvance(Spliterators.java:958)
at java.base/java.util.stream.ReferencePipeline.forEachWithCancel(ReferencePipeline.java:127)
at java.base/java.util.stream.AbstractPipeline.copyIntoWithCancel(AbstractPipeline.java:502)
at java.base/java.util.stream.AbstractPipeline.copyInto(AbstractPipeline.java:488)
at java.base/java.util.stream.AbstractPipeline.wrapAndCopyInto(AbstractPipeline.java:474)
at java.base/java.util.stream.FindOps$FindOp.evaluateSequential(FindOps.java:150)
at java.base/java.util.stream.AbstractPipeline.evaluate(AbstractPipeline.java:234)
at java.base/java.util.stream.ReferencePipeline.findFirst(ReferencePipeline.java:543)
at org.openqa.selenium.remote.ProtocolHandshake.createSession(ProtocolHandshake.java:128)
at org.openqa.selenium.remote.ProtocolHandshake.createSession(ProtocolHandshake.java:74)
at org.openqa.selenium.remote.HttpCommandExecutor.execute(HttpCommandExecutor.java:136)
at org.openqa.selenium.remote.service.DriverCommandExecutor.execute(DriverCommandExecutor.java:83)
at org.openqa.selenium.remote.RemoteWebDriver.execute(RemoteWebDriver.java:552)
at org.openqa.selenium.remote.RemoteWebDriver.startSession(RemoteWebDriver.java:213)
at org.openqa.selenium.remote.RemoteWebDriver.<init>(RemoteWebDriver.java:131)
at org.openqa.selenium.chrome.ChromeDriver.<init>(ChromeDriver.java:181)
at org.openqa.selenium.chrome.ChromeDriver.<init>(ChromeDriver.java:168)
at org.openqa.selenium.chrome.ChromeDriver.<init>(ChromeDriver.java:123)
at Parameters.ParameterByITestContextInDataprovider.setup(ParameterByITestContextInDataprovider.java:23)
at java.base/jdk.internal.reflect.NativeMethodAccessorImpl.invoke0(Native Method)
at java.base/jdk.internal.reflect.NativeMethodAccessorImpl.invoke(NativeMethodAccessorImpl.java:64)
at java.base/jdk.internal.reflect.DelegatingMethodAccessorImpl.invoke(DelegatingMethodAccessorImpl.java:43)
at java.base/java.lang.reflect.Method.invoke(Method.java:564)
at org.testng.internal.MethodInvocationHelper.invokeMethod(MethodInvocationHelper.java:132)
at org.testng.internal.MethodInvocationHelper.invokeMethodConsideringTimeout(MethodInvocationHelper.java:61)
at org.testng.internal.ConfigInvoker.invokeConfigurationMethod(ConfigInvoker.java:366)
at org.testng.internal.ConfigInvoker.invokeConfigurations(ConfigInvoker.java:320)
at org.testng.TestRunner.invokeTestConfigurations(TestRunner.java:617)
at org.testng.TestRunner.beforeRun(TestRunner.java:607)
at org.testng.TestRunner.run(TestRunner.java:578)
at org.testng.SuiteRunner.runTest(SuiteRunner.java:384)
at org.testng.SuiteRunner.runSequentially(SuiteRunner.java:378)
at org.testng.SuiteRunner.privateRun(SuiteRunner.java:337)
at org.testng.SuiteRunner.run(SuiteRunner.java:286)
at org.testng.SuiteRunnerWorker.runSuite(SuiteRunnerWorker.java:53)
at org.testng.SuiteRunnerWorker.run(SuiteRunnerWorker.java:96)
at org.testng.TestNG.runSuitesSequentially(TestNG.java:1218)
at org.testng.TestNG.runSuitesLocally(TestNG.java:1140)
at org.testng.TestNG.runSuites(TestNG.java:1069)
at org.testng.TestNG.run(TestNG.java:1037)
at org.testng.remote.AbstractRemoteTestNG.run(AbstractRemoteTestNG.java:115)
at org.testng.remote.RemoteTestNG.initAndRun(RemoteTestNG.java:251)
at org.testng.remote.RemoteTestNG.main(RemoteTestNG.java:77)
]]>
            </full-stacktrace>
          </exception> <!-- org.openqa.selenium.SessionNotCreatedException -->
          <reporter-output>
          </reporter-output>
        </test-method> <!-- testMethodB -->
        <test-method signature="testMethodB(java.lang.String)[pri:0, instance:Parameters.ParameterByITestContextInDataprovider@2525ff7e]" started-at="2021-11-04T09:46:15 CDT" name="testMethodB" data-provider="SearchProvider" finished-at="2021-11-04T09:46:15 CDT" duration-ms="0" status="SKIP">
          <params>
            <param index="0">
              <value>
                <![CDATA[Japan]]>
              </value>
            </param>
          </params>
          <exception class="org.openqa.selenium.SessionNotCreatedException">
            <message>
              <![CDATA[session not created: This version of ChromeDriver only supports Chrome version 90
Current browser version is 95.0.4638.69 with binary path C:\Program Files (x86)\Google\Chrome\Application\chrome.exe
Build info: version: '3.141.59', revision: 'e82be7d358', time: '2018-11-14T08:25:48'
System info: host: 'DESKTOP-KVJDOUS', ip: '192.168.0.8', os.name: 'Windows 10', os.arch: 'amd64', os.version: '10.0', java.version: '15.0.1'
Driver info: driver.version: ChromeDriver
remote stacktrace: Backtrace:
Ordinal0 [0x0090C013+2474003]
Ordinal0 [0x008A29C1+2042305]
Ordinal0 [0x007B2F68+1060712]
Ordinal0 [0x007D188E+1185934]
Ordinal0 [0x007CD600+1168896]
Ordinal0 [0x007CAA83+1157763]
Ordinal0 [0x007FA2A2+1352354]
Ordinal0 [0x007F8FAA+1347498]
Ordinal0 [0x007F66DB+1337051]
Ordinal0 [0x007D3427+1192999]
Ordinal0 [0x007D42EE+1196782]
Ordinal0 [0x007D4279+1196665]
GetHandleVerifier [0x00A996FC+1590332]
GetHandleVerifier [0x00B48614+2306900]
GetHandleVerifier [0x00999E93+543699]
GetHandleVerifier [0x009992CE+540686]
Ordinal0 [0x008A86BA+2066106]
Ordinal0 [0x008AD1C8+2085320]
Ordinal0 [0x008AD308+2085640]
Ordinal0 [0x008B67F3+2123763]
BaseThreadInitThunk [0x7505FA29+25]
RtlGetAppContainerNamedObjectPath [0x77167A9E+286]
RtlGetAppContainerNamedObjectPath [0x77167A6E+238]
]]>
            </message>
            <full-stacktrace>
              <![CDATA[org.openqa.selenium.SessionNotCreatedException: session not created: This version of ChromeDriver only supports Chrome version 90
Current browser version is 95.0.4638.69 with binary path C:\Program Files (x86)\Google\Chrome\Application\chrome.exe
Build info: version: '3.141.59', revision: 'e82be7d358', time: '2018-11-14T08:25:48'
System info: host: 'DESKTOP-KVJDOUS', ip: '192.168.0.8', os.name: 'Windows 10', os.arch: 'amd64', os.version: '10.0', java.version: '15.0.1'
Driver info: driver.version: ChromeDriver
remote stacktrace: Backtrace:
Ordinal0 [0x0090C013+2474003]
Ordinal0 [0x008A29C1+2042305]
Ordinal0 [0x007B2F68+1060712]
Ordinal0 [0x007D188E+1185934]
Ordinal0 [0x007CD600+1168896]
Ordinal0 [0x007CAA83+1157763]
Ordinal0 [0x007FA2A2+1352354]
Ordinal0 [0x007F8FAA+1347498]
Ordinal0 [0x007F66DB+1337051]
Ordinal0 [0x007D3427+1192999]
Ordinal0 [0x007D42EE+1196782]
Ordinal0 [0x007D4279+1196665]
GetHandleVerifier [0x00A996FC+1590332]
GetHandleVerifier [0x00B48614+2306900]
GetHandleVerifier [0x00999E93+543699]
GetHandleVerifier [0x009992CE+540686]
Ordinal0 [0x008A86BA+2066106]
Ordinal0 [0x008AD1C8+2085320]
Ordinal0 [0x008AD308+2085640]
Ordinal0 [0x008B67F3+2123763]
BaseThreadInitThunk [0x7505FA29+25]
RtlGetAppContainerNamedObjectPath [0x77167A9E+286]
RtlGetAppContainerNamedObjectPath [0x77167A6E+238]

at java.base/jdk.internal.reflect.NativeConstructorAccessorImpl.newInstance0(Native Method)
at java.base/jdk.internal.reflect.NativeConstructorAccessorImpl.newInstance(NativeConstructorAccessorImpl.java:64)
at java.base/jdk.internal.reflect.DelegatingConstructorAccessorImpl.newInstance(DelegatingConstructorAccessorImpl.java:45)
at java.base/java.lang.reflect.Constructor.newInstanceWithCaller(Constructor.java:500)
at java.base/java.lang.reflect.Constructor.newInstance(Constructor.java:481)
at org.openqa.selenium.remote.W3CHandshakeResponse.lambda$errorHandler$0(W3CHandshakeResponse.java:62)
at org.openqa.selenium.remote.HandshakeResponse.lambda$getResponseFunction$0(HandshakeResponse.java:30)
at org.openqa.selenium.remote.ProtocolHandshake.lambda$createSession$0(ProtocolHandshake.java:126)
at java.base/java.util.stream.ReferencePipeline$3$1.accept(ReferencePipeline.java:195)
at java.base/java.util.Spliterators$ArraySpliterator.tryAdvance(Spliterators.java:958)
at java.base/java.util.stream.ReferencePipeline.forEachWithCancel(ReferencePipeline.java:127)
at java.base/java.util.stream.AbstractPipeline.copyIntoWithCancel(AbstractPipeline.java:502)
at java.base/java.util.stream.AbstractPipeline.copyInto(AbstractPipeline.java:488)
at java.base/java.util.stream.AbstractPipeline.wrapAndCopyInto(AbstractPipeline.java:474)
at java.base/java.util.stream.FindOps$FindOp.evaluateSequential(FindOps.java:150)
at java.base/java.util.stream.AbstractPipeline.evaluate(AbstractPipeline.java:234)
at java.base/java.util.stream.ReferencePipeline.findFirst(ReferencePipeline.java:543)
at org.openqa.selenium.remote.ProtocolHandshake.createSession(ProtocolHandshake.java:128)
at org.openqa.selenium.remote.ProtocolHandshake.createSession(ProtocolHandshake.java:74)
at org.openqa.selenium.remote.HttpCommandExecutor.execute(HttpCommandExecutor.java:136)
at org.openqa.selenium.remote.service.DriverCommandExecutor.execute(DriverCommandExecutor.java:83)
at org.openqa.selenium.remote.RemoteWebDriver.execute(RemoteWebDriver.java:552)
at org.openqa.selenium.remote.RemoteWebDriver.startSession(RemoteWebDriver.java:213)
at org.openqa.selenium.remote.RemoteWebDriver.<init>(RemoteWebDriver.java:131)
at org.openqa.selenium.chrome.ChromeDriver.<init>(ChromeDriver.java:181)
at org.openqa.selenium.chrome.ChromeDriver.<init>(ChromeDriver.java:168)
at org.openqa.selenium.chrome.ChromeDriver.<init>(ChromeDriver.java:123)
at Parameters.ParameterByITestContextInDataprovider.setup(ParameterByITestContextInDataprovider.java:23)
at java.base/jdk.internal.reflect.NativeMethodAccessorImpl.invoke0(Native Method)
at java.base/jdk.internal.reflect.NativeMethodAccessorImpl.invoke(NativeMethodAccessorImpl.java:64)
at java.base/jdk.internal.reflect.DelegatingMethodAccessorImpl.invoke(DelegatingMethodAccessorImpl.java:43)
at java.base/java.lang.reflect.Method.invoke(Method.java:564)
at org.testng.internal.MethodInvocationHelper.invokeMethod(MethodInvocationHelper.java:132)
at org.testng.internal.MethodInvocationHelper.invokeMethodConsideringTimeout(MethodInvocationHelper.java:61)
at org.testng.internal.ConfigInvoker.invokeConfigurationMethod(ConfigInvoker.java:366)
at org.testng.internal.ConfigInvoker.invokeConfigurations(ConfigInvoker.java:320)
at org.testng.TestRunner.invokeTestConfigurations(TestRunner.java:617)
at org.testng.TestRunner.beforeRun(TestRunner.java:607)
at org.testng.TestRunner.run(TestRunner.java:578)
at org.testng.SuiteRunner.runTest(SuiteRunner.java:384)
at org.testng.SuiteRunner.runSequentially(SuiteRunner.java:378)
at org.testng.SuiteRunner.privateRun(SuiteRunner.java:337)
at org.testng.SuiteRunner.run(SuiteRunner.java:286)
at org.testng.SuiteRunnerWorker.runSuite(SuiteRunnerWorker.java:53)
at org.testng.SuiteRunnerWorker.run(SuiteRunnerWorker.java:96)
at org.testng.TestNG.runSuitesSequentially(TestNG.java:1218)
at org.testng.TestNG.runSuitesLocally(TestNG.java:1140)
at org.testng.TestNG.runSuites(TestNG.java:1069)
at org.testng.TestNG.run(TestNG.java:1037)
at org.testng.remote.AbstractRemoteTestNG.run(AbstractRemoteTestNG.java:115)
at org.testng.remote.RemoteTestNG.initAndRun(RemoteTestNG.java:251)
at org.testng.remote.RemoteTestNG.main(RemoteTestNG.java:77)
]]>
            </full-stacktrace>
          </exception> <!-- org.openqa.selenium.SessionNotCreatedException -->
          <reporter-output>
          </reporter-output>
        </test-method> <!-- testMethodB -->
      </class> <!-- Parameters.ParameterByITestContextInDataprovider -->
    </test> <!-- TestB -->
  </suite> <!-- Suite -->
</testng-results>
